{"C:\\Users\\nitta\\Claude\\Projects\\【ナビ】 特定情報誘導型・高性能ナビ（Googleマップ連携）\\Taxi_Nav_Expo\\src\\app\\_layout.tsx": {"path":"C:\\Users\\nitta\\Claude\\Projects\\【ナビ】 特定情報誘導型・高性能ナビ（Googleマップ連携）\\Taxi_Nav_Expo\\src\\app\\_layout.tsx","statementMap":{"0":{"start":{"line":11,"column":17},"end":{"line":11,"column":33}},"1":{"start":{"line":12,"column":17},"end":{"line":12,"column":42}},"2":{"start":{"line":14,"column":2},"end":{"line":48,"column":4}},"3":{"start":{"line":28,"column":41},"end":{"line":28,"column":88}},"4":{"start":{"line":35,"column":41},"end":{"line":35,"column":89}},"5":{"start":{"line":42,"column":41},"end":{"line":42,"column":93}}},"fnMap":{"0":{"name":"TabLayout","decl":{"start":{"line":10,"column":24},"end":{"line":10,"column":33}},"loc":{"start":{"line":10,"column":36},"end":{"line":49,"column":1}},"line":10},"1":{"name":"(anonymous_1)","decl":{"start":{"line":28,"column":26},"end":{"line":28,"column":27}},"loc":{"start":{"line":28,"column":41},"end":{"line":28,"column":88}},"line":28},"2":{"name":"(anonymous_2)","decl":{"start":{"line":35,"column":26},"end":{"line":35,"column":27}},"loc":{"start":{"line":35,"column":41},"end":{"line":35,"column":89}},"line":35},"3":{"name":"(anonymous_3)","decl":{"start":{"line":42,"column":26},"end":{"line":42,"column":27}},"loc":{"start":{"line":42,"column":41},"end":{"line":42,"column":93}},"line":42}},"branchMap":{"0":{"loc":{"start":{"line":12,"column":24},"end":{"line":12,"column":41}},"type":"binary-expr","locations":[{"start":{"line":12,"column":24},"end":{"line":12,"column":30}},{"start":{"line":12,"column":34},"end":{"line":12,"column":41}}],"line":12}},"s":{"0":0,"1":0,"2":0,"3":0,"4":0,"5":0},"f":{"0":0,"1":0,"2":0,"3":0},"b":{"0":[0,0]}}
,"C:\\Users\\nitta\\Claude\\Projects\\【ナビ】 特定情報誘導型・高性能ナビ（Googleマップ連携）\\Taxi_Nav_Expo\\src\\app\\explore.tsx": {"path":"C:\\Users\\nitta\\Claude\\Projects\\【ナビ】 特定情報誘導型・高性能ナビ（Googleマップ連携）\\Taxi_Nav_Expo\\src\\app\\explore.tsx","statementMap":{"0":{"start":{"line":4,"column":2},"end":{"line":4,"column":33}}},"fnMap":{"0":{"name":"ExploreScreen","decl":{"start":{"line":3,"column":24},"end":{"line":3,"column":37}},"loc":{"start":{"line":3,"column":40},"end":{"line":5,"column":1}},"line":3}},"branchMap":{},"s":{"0":0},"f":{"0":0},"b":{}}
,"C:\\Users\\nitta\\Claude\\Projects\\【ナビ】 特定情報誘導型・高性能ナビ（Googleマップ連携）\\Taxi_Nav_Expo\\src\\app\\index.tsx": {"path":"C:\\Users\\nitta\\Claude\\Projects\\【ナビ】 特定情報誘導型・高性能ナビ（Googleマップ連携）\\Taxi_Nav_Expo\\src\\app\\index.tsx","statementMap":{"0":{"start":{"line":4,"column":2},"end":{"line":4,"column":23}}},"fnMap":{"0":{"name":"IndexScreen","decl":{"start":{"line":3,"column":24},"end":{"line":3,"column":35}},"loc":{"start":{"line":3,"column":38},"end":{"line":5,"column":1}},"line":3}},"branchMap":{},"s":{"0":0},"f":{"0":0},"b":{}}
,"C:\\Users\\nitta\\Claude\\Projects\\【ナビ】 特定情報誘導型・高性能ナビ（Googleマップ連携）\\Taxi_Nav_Expo\\src\\app\\settings.tsx": {"path":"C:\\Users\\nitta\\Claude\\Projects\\【ナビ】 特定情報誘導型・高性能ナビ（Googleマップ連携）\\Taxi_Nav_Expo\\src\\app\\settings.tsx","statementMap":{"0":{"start":{"line":4,"column":2},"end":{"line":4,"column":28}}},"fnMap":{"0":{"name":"SettingsTab","decl":{"start":{"line":3,"column":24},"end":{"line":3,"column":35}},"loc":{"start":{"line":3,"column":38},"end":{"line":5,"column":1}},"line":3}},"branchMap":{},"s":{"0":0},"f":{"0":0},"b":{}}
,"C:\\Users\\nitta\\Claude\\Projects\\【ナビ】 特定情報誘導型・高性能ナビ（Googleマップ連携）\\Taxi_Nav_Expo\\src\\components\\MapPin.tsx": {"path":"C:\\Users\\nitta\\Claude\\Projects\\【ナビ】 特定情報誘導型・高性能ナビ（Googleマップ連携）\\Taxi_Nav_Expo\\src\\components\\MapPin.tsx","statementMap":{"0":{"start":{"line":14,"column":45},"end":{"line":63,"column":1}},"1":{"start":{"line":22,"column":29},"end":{"line":42,"column":3}},"2":{"start":{"line":24,"column":24},"end":{"line":24,"column":72}},"3":{"start":{"line":25,"column":26},"end":{"line":28,"column":12}},"4":{"start":{"line":29,"column":25},"end":{"line":29,"column":79}},"5":{"start":{"line":31,"column":4},"end":{"line":41,"column":5}},"6":{"start":{"line":32,"column":32},"end":{"line":32,"column":71}},"7":{"start":{"line":33,"column":6},"end":{"line":38,"column":7}},"8":{"start":{"line":34,"column":8},"end":{"line":34,"column":45}},"9":{"start":{"line":37,"column":8},"end":{"line":37,"column":44}},"10":{"start":{"line":40,"column":6},"end":{"line":40,"column":47}},"11":{"start":{"line":44,"column":18},"end":{"line":44,"column":42}},"12":{"start":{"line":45,"column":22},"end":{"line":45,"column":43}},"13":{"start":{"line":47,"column":2},"end":{"line":62,"column":4}},"14":{"start":{"line":65,"column":15},"end":{"line":119,"column":2}}},"fnMap":{"0":{"name":"(anonymous_0)","decl":{"start":{"line":14,"column":45},"end":{"line":14,"column":46}},"loc":{"start":{"line":21,"column":6},"end":{"line":63,"column":1}},"line":21},"1":{"name":"(anonymous_1)","decl":{"start":{"line":22,"column":29},"end":{"line":22,"column":30}},"loc":{"start":{"line":22,"column":41},"end":{"line":42,"column":3}},"line":22}},"branchMap":{"0":{"loc":{"start":{"line":19,"column":2},"end":{"line":19,"column":26}},"type":"default-arg","locations":[{"start":{"line":19,"column":17},"end":{"line":19,"column":26}}],"line":19},"1":{"loc":{"start":{"line":25,"column":26},"end":{"line":28,"column":12}},"type":"binary-expr","locations":[{"start":{"line":25,"column":26},"end":{"line":28,"column":6}},{"start":{"line":28,"column":10},"end":{"line":28,"column":12}}],"line":25},"2":{"loc":{"start":{"line":33,"column":6},"end":{"line":38,"column":7}},"type":"if","locations":[{"start":{"line":33,"column":6},"end":{"line":38,"column":7}},{"start":{"line":35,"column":13},"end":{"line":38,"column":7}}],"line":33},"3":{"loc":{"start":{"line":45,"column":22},"end":{"line":45,"column":43}},"type":"cond-expr","locations":[{"start":{"line":45,"column":32},"end":{"line":45,"column":36}},{"start":{"line":45,"column":39},"end":{"line":45,"column":43}}],"line":45},"4":{"loc":{"start":{"line":49,"column":81},"end":{"line":49,"column":97}},"type":"cond-expr","locations":[{"start":{"line":49,"column":91},"end":{"line":49,"column":92}},{"start":{"line":49,"column":95},"end":{"line":49,"column":97}}],"line":49},"5":{"loc":{"start":{"line":50,"column":38},"end":{"line":50,"column":65}},"type":"cond-expr","locations":[{"start":{"line":50,"column":48},"end":{"line":50,"column":51}},{"start":{"line":50,"column":54},"end":{"line":50,"column":65}}],"line":50}},"s":{"0":2,"1":17,"2":0,"3":0,"4":0,"5":0,"6":0,"7":0,"8":0,"9":0,"10":0,"11":17,"12":17,"13":17,"14":2},"f":{"0":17,"1":0},"b":{"0":[1],"1":[0,0],"2":[0,0],"3":[6,11],"4":[6,11],"5":[6,11]},"_coverageSchema":"1a1c01bbd47fc00a2c39e90264f33305004495a9","hash":"3186d810fde18534ae40bdbe3dfbd8b6b9a85a14"}
,"C:\\Users\\nitta\\Claude\\Projects\\【ナビ】 特定情報誘導型・高性能ナビ（Googleマップ連携）\\Taxi_Nav_Expo\\src\\components\\PinDropFAB.tsx": {"path":"C:\\Users\\nitta\\Claude\\Projects\\【ナビ】 特定情報誘導型・高性能ナビ（Googleマップ連携）\\Taxi_Nav_Expo\\src\\components\\PinDropFAB.tsx","statementMap":{"0":{"start":{"line":13,"column":26},"end":{"line":13,"column":50}},"1":{"start":{"line":14,"column":17},"end":{"line":14,"column":19}},"2":{"start":{"line":15,"column":18},"end":{"line":15,"column":39}},"3":{"start":{"line":16,"column":18},"end":{"line":16,"column":41}},"4":{"start":{"line":23,"column":53},"end":{"line":234,"column":1}},"5":{"start":{"line":25,"column":21},"end":{"line":25,"column":46}},"6":{"start":{"line":26,"column":21},"end":{"line":26,"column":46}},"7":{"start":{"line":29,"column":17},"end":{"line":29,"column":34}},"8":{"start":{"line":30,"column":17},"end":{"line":30,"column":34}},"9":{"start":{"line":33,"column":20},"end":{"line":33,"column":41}},"10":{"start":{"line":34,"column":17},"end":{"line":34,"column":42}},"11":{"start":{"line":35,"column":17},"end":{"line":35,"column":42}},"12":{"start":{"line":38,"column":34},"end":{"line":38,"column":49}},"13":{"start":{"line":39,"column":24},"end":{"line":39,"column":41}},"14":{"start":{"line":41,"column":21},"end":{"line":45,"column":3}},"15":{"start":{"line":42,"column":22},"end":{"line":42,"column":31}},"16":{"start":{"line":43,"column":4},"end":{"line":43,"column":27}},"17":{"start":{"line":44,"column":4},"end":{"line":44,"column":88}},"18":{"start":{"line":47,"column":23},"end":{"line":50,"column":3}},"19":{"start":{"line":48,"column":4},"end":{"line":48,"column":17}},"20":{"start":{"line":49,"column":4},"end":{"line":49,"column":47}},"21":{"start":{"line":49,"column":24},"end":{"line":49,"column":47}},"22":{"start":{"line":53,"column":25},"end":{"line":75,"column":6}},"23":{"start":{"line":55,"column":6},"end":{"line":55,"column":42}},"24":{"start":{"line":55,"column":20},"end":{"line":55,"column":42}},"25":{"start":{"line":56,"column":6},"end":{"line":56,"column":38}},"26":{"start":{"line":57,"column":6},"end":{"line":57,"column":38}},"27":{"start":{"line":61,"column":6},"end":{"line":61,"column":59}},"28":{"start":{"line":62,"column":6},"end":{"line":62,"column":59}},"29":{"start":{"line":66,"column":19},"end":{"line":66,"column":35}},"30":{"start":{"line":67,"column":19},"end":{"line":67,"column":35}},"31":{"start":{"line":68,"column":6},"end":{"line":68,"column":35}},"32":{"start":{"line":68,"column":23},"end":{"line":68,"column":35}},"33":{"start":{"line":69,"column":6},"end":{"line":69,"column":73}},"34":{"start":{"line":69,"column":42},"end":{"line":69,"column":73}},"35":{"start":{"line":70,"column":6},"end":{"line":70,"column":35}},"36":{"start":{"line":70,"column":23},"end":{"line":70,"column":35}},"37":{"start":{"line":71,"column":6},"end":{"line":71,"column":55}},"38":{"start":{"line":71,"column":33},"end":{"line":71,"column":55}},"39":{"start":{"line":73,"column":6},"end":{"line":73,"column":61}},"40":{"start":{"line":74,"column":6},"end":{"line":74,"column":61}},"41":{"start":{"line":78,"column":27},"end":{"line":101,"column":6}},"42":{"start":{"line":80,"column":6},"end":{"line":80,"column":42}},"43":{"start":{"line":80,"column":20},"end":{"line":80,"column":42}},"44":{"start":{"line":81,"column":6},"end":{"line":81,"column":29}},"45":{"start":{"line":82,"column":6},"end":{"line":82,"column":38}},"46":{"start":{"line":83,"column":6},"end":{"line":83,"column":38}},"47":{"start":{"line":86,"column":6},"end":{"line":86,"column":59}},"48":{"start":{"line":87,"column":6},"end":{"line":87,"column":59}},"49":{"start":{"line":90,"column":6},"end":{"line":90,"column":30}},"50":{"start":{"line":92,"column":20},"end":{"line":92,"column":47}},"51":{"start":{"line":93,"column":20},"end":{"line":93,"column":43}},"52":{"start":{"line":96,"column":6},"end":{"line":96,"column":69}},"53":{"start":{"line":97,"column":6},"end":{"line":97,"column":69}},"54":{"start":{"line":100,"column":6},"end":{"line":100,"column":39}},"55":{"start":{"line":104,"column":21},"end":{"line":108,"column":4}},"56":{"start":{"line":107,"column":6},"end":{"line":107,"column":28}},"57":{"start":{"line":115,"column":32},"end":{"line":118,"column":3}},"58":{"start":{"line":121,"column":19},"end":{"line":128,"column":4}},"59":{"start":{"line":122,"column":4},"end":{"line":127,"column":6}},"60":{"start":{"line":130,"column":21},"end":{"line":139,"column":4}},"61":{"start":{"line":131,"column":4},"end":{"line":138,"column":6}},"62":{"start":{"line":145,"column":21},"end":{"line":145,"column":22}},"63":{"start":{"line":146,"column":22},"end":{"line":146,"column":24}},"64":{"start":{"line":148,"column":25},"end":{"line":158,"column":4}},"65":{"start":{"line":149,"column":22},"end":{"line":149,"column":54}},"66":{"start":{"line":150,"column":18},"end":{"line":150,"column":43}},"67":{"start":{"line":151,"column":15},"end":{"line":151,"column":66}},"68":{"start":{"line":152,"column":15},"end":{"line":152,"column":67}},"69":{"start":{"line":153,"column":4},"end":{"line":157,"column":6}},"70":{"start":{"line":160,"column":25},"end":{"line":170,"column":4}},"71":{"start":{"line":161,"column":22},"end":{"line":161,"column":54}},"72":{"start":{"line":162,"column":18},"end":{"line":162,"column":43}},"73":{"start":{"line":163,"column":15},"end":{"line":163,"column":66}},"74":{"start":{"line":164,"column":15},"end":{"line":164,"column":67}},"75":{"start":{"line":165,"column":4},"end":{"line":169,"column":6}},"76":{"start":{"line":172,"column":25},"end":{"line":182,"column":4}},"77":{"start":{"line":173,"column":22},"end":{"line":173,"column":54}},"78":{"start":{"line":174,"column":18},"end":{"line":174,"column":43}},"79":{"start":{"line":175,"column":15},"end":{"line":175,"column":66}},"80":{"start":{"line":176,"column":15},"end":{"line":176,"column":67}},"81":{"start":{"line":177,"column":4},"end":{"line":181,"column":6}},"82":{"start":{"line":184,"column":2},"end":{"line":233,"column":4}},"83":{"start":{"line":198,"column":67},"end":{"line":198,"column":86}},"84":{"start":{"line":204,"column":67},"end":{"line":204,"column":88}},"85":{"start":{"line":210,"column":67},"end":{"line":210,"column":88}},"86":{"start":{"line":236,"column":15},"end":{"line":302,"column":2}}},"fnMap":{"0":{"name":"(anonymous_0)","decl":{"start":{"line":23,"column":53},"end":{"line":23,"column":54}},"loc":{"start":{"line":23,"column":88},"end":{"line":234,"column":1}},"line":23},"1":{"name":"(anonymous_1)","decl":{"start":{"line":41,"column":21},"end":{"line":41,"column":22}},"loc":{"start":{"line":41,"column":27},"end":{"line":45,"column":3}},"line":41},"2":{"name":"(anonymous_2)","decl":{"start":{"line":47,"column":23},"end":{"line":47,"column":24}},"loc":{"start":{"line":47,"column":43},"end":{"line":50,"column":3}},"line":47},"3":{"name":"(anonymous_3)","decl":{"start":{"line":54,"column":13},"end":{"line":54,"column":14}},"loc":{"start":{"line":54,"column":19},"end":{"line":58,"column":5}},"line":54},"4":{"name":"(anonymous_4)","decl":{"start":{"line":59,"column":14},"end":{"line":59,"column":15}},"loc":{"start":{"line":59,"column":25},"end":{"line":63,"column":5}},"line":59},"5":{"name":"(anonymous_5)","decl":{"start":{"line":64,"column":11},"end":{"line":64,"column":12}},"loc":{"start":{"line":64,"column":17},"end":{"line":75,"column":5}},"line":64},"6":{"name":"(anonymous_6)","decl":{"start":{"line":79,"column":13},"end":{"line":79,"column":14}},"loc":{"start":{"line":79,"column":19},"end":{"line":84,"column":5}},"line":79},"7":{"name":"(anonymous_7)","decl":{"start":{"line":85,"column":14},"end":{"line":85,"column":15}},"loc":{"start":{"line":85,"column":25},"end":{"line":88,"column":5}},"line":85},"8":{"name":"(anonymous_8)","decl":{"start":{"line":89,"column":11},"end":{"line":89,"column":12}},"loc":{"start":{"line":89,"column":22},"end":{"line":101,"column":5}},"line":89},"9":{"name":"(anonymous_9)","decl":{"start":{"line":106,"column":11},"end":{"line":106,"column":12}},"loc":{"start":{"line":106,"column":17},"end":{"line":108,"column":3}},"line":106},"10":{"name":"(anonymous_10)","decl":{"start":{"line":121,"column":36},"end":{"line":121,"column":37}},"loc":{"start":{"line":121,"column":42},"end":{"line":128,"column":3}},"line":121},"11":{"name":"(anonymous_11)","decl":{"start":{"line":130,"column":38},"end":{"line":130,"column":39}},"loc":{"start":{"line":130,"column":44},"end":{"line":139,"column":3}},"line":130},"12":{"name":"(anonymous_12)","decl":{"start":{"line":148,"column":42},"end":{"line":148,"column":43}},"loc":{"start":{"line":148,"column":48},"end":{"line":158,"column":3}},"line":148},"13":{"name":"(anonymous_13)","decl":{"start":{"line":160,"column":42},"end":{"line":160,"column":43}},"loc":{"start":{"line":160,"column":48},"end":{"line":170,"column":3}},"line":160},"14":{"name":"(anonymous_14)","decl":{"start":{"line":172,"column":42},"end":{"line":172,"column":43}},"loc":{"start":{"line":172,"column":48},"end":{"line":182,"column":3}},"line":172},"15":{"name":"(anonymous_15)","decl":{"start":{"line":198,"column":61},"end":{"line":198,"column":62}},"loc":{"start":{"line":198,"column":67},"end":{"line":198,"column":86}},"line":198},"16":{"name":"(anonymous_16)","decl":{"start":{"line":204,"column":61},"end":{"line":204,"column":62}},"loc":{"start":{"line":204,"column":67},"end":{"line":204,"column":88}},"line":204},"17":{"name":"(anonymous_17)","decl":{"start":{"line":210,"column":61},"end":{"line":210,"column":62}},"loc":{"start":{"line":210,"column":67},"end":{"line":210,"column":88}},"line":210}},"branchMap":{"0":{"loc":{"start":{"line":44,"column":37},"end":{"line":44,"column":54}},"type":"cond-expr","locations":[{"start":{"line":44,"column":49},"end":{"line":44,"column":50}},{"start":{"line":44,"column":53},"end":{"line":44,"column":54}}],"line":44},"1":{"loc":{"start":{"line":49,"column":4},"end":{"line":49,"column":47}},"type":"if","locations":[{"start":{"line":49,"column":4},"end":{"line":49,"column":47}},{"start":{},"end":{}}],"line":49},"2":{"loc":{"start":{"line":55,"column":6},"end":{"line":55,"column":42}},"type":"if","locations":[{"start":{"line":55,"column":6},"end":{"line":55,"column":42}},{"start":{},"end":{}}],"line":55},"3":{"loc":{"start":{"line":68,"column":6},"end":{"line":68,"column":35}},"type":"if","locations":[{"start":{"line":68,"column":6},"end":{"line":68,"column":35}},{"start":{},"end":{}}],"line":68},"4":{"loc":{"start":{"line":69,"column":6},"end":{"line":69,"column":73}},"type":"if","locations":[{"start":{"line":69,"column":6},"end":{"line":69,"column":73}},{"start":{},"end":{}}],"line":69},"5":{"loc":{"start":{"line":70,"column":6},"end":{"line":70,"column":35}},"type":"if","locations":[{"start":{"line":70,"column":6},"end":{"line":70,"column":35}},{"start":{},"end":{}}],"line":70},"6":{"loc":{"start":{"line":71,"column":6},"end":{"line":71,"column":55}},"type":"if","locations":[{"start":{"line":71,"column":6},"end":{"line":71,"column":55}},{"start":{},"end":{}}],"line":71},"7":{"loc":{"start":{"line":80,"column":6},"end":{"line":80,"column":42}},"type":"if","locations":[{"start":{"line":80,"column":6},"end":{"line":80,"column":42}},{"start":{},"end":{}}],"line":80},"8":{"loc":{"start":{"line":132,"column":15},"end":{"line":132,"column":38}},"type":"cond-expr","locations":[{"start":{"line":132,"column":33},"end":{"line":132,"column":34}},{"start":{"line":132,"column":37},"end":{"line":132,"column":38}}],"line":132},"9":{"loc":{"start":{"line":136,"column":17},"end":{"line":136,"column":42}},"type":"cond-expr","locations":[{"start":{"line":136,"column":35},"end":{"line":136,"column":38}},{"start":{"line":136,"column":41},"end":{"line":136,"column":42}}],"line":136}},"s":{"0":1,"1":1,"2":1,"3":1,"4":1,"5":1,"6":1,"7":1,"8":1,"9":1,"10":1,"11":1,"12":1,"13":1,"14":1,"15":0,"16":0,"17":0,"18":1,"19":0,"20":0,"21":0,"22":1,"23":0,"24":0,"25":0,"26":0,"27":0,"28":0,"29":0,"30":0,"31":0,"32":0,"33":0,"34":0,"35":0,"36":0,"37":0,"38":0,"39":0,"40":0,"41":1,"42":0,"43":0,"44":0,"45":0,"46":0,"47":0,"48":0,"49":0,"50":0,"51":0,"52":0,"53":0,"54":0,"55":1,"56":0,"57":1,"58":1,"59":2,"60":1,"61":2,"62":1,"63":1,"64":1,"65":2,"66":2,"67":2,"68":2,"69":2,"70":1,"71":2,"72":2,"73":2,"74":2,"75":2,"76":1,"77":2,"78":2,"79":2,"80":2,"81":2,"82":1,"83":0,"84":0,"85":0,"86":1},"f":{"0":1,"1":0,"2":0,"3":0,"4":0,"5":0,"6":0,"7":0,"8":0,"9":0,"10":2,"11":2,"12":2,"13":2,"14":2,"15":0,"16":0,"17":0},"b":{"0":[0,0],"1":[0,0],"2":[0,0],"3":[0,0],"4":[0,0],"5":[0,0],"6":[0,0],"7":[0,0],"8":[0,2],"9":[0,2]},"_coverageSchema":"1a1c01bbd47fc00a2c39e90264f33305004495a9","hash":"fbccdcc8602fd30f2bc78e51b81403cb4ec2fca8"}
,"C:\\Users\\nitta\\Claude\\Projects\\【ナビ】 特定情報誘導型・高性能ナビ（Googleマップ連携）\\Taxi_Nav_Expo\\src\\components\\Timer.tsx": {"path":"C:\\Users\\nitta\\Claude\\Projects\\【ナビ】 特定情報誘導型・高性能ナビ（Googleマップ連携）\\Taxi_Nav_Expo\\src\\components\\Timer.tsx","statementMap":{"0":{"start":{"line":9,"column":43},"end":{"line":45,"column":1}},"1":{"start":{"line":10,"column":32},"end":{"line":10,"column":56}},"2":{"start":{"line":12,"column":2},"end":{"line":25,"column":26}},"3":{"start":{"line":13,"column":4},"end":{"line":18,"column":5}},"4":{"start":{"line":14,"column":6},"end":{"line":16,"column":7}},"5":{"start":{"line":15,"column":8},"end":{"line":15,"column":19}},"6":{"start":{"line":17,"column":6},"end":{"line":17,"column":13}},"7":{"start":{"line":20,"column":23},"end":{"line":22,"column":12}},"8":{"start":{"line":21,"column":6},"end":{"line":21,"column":37}},"9":{"start":{"line":21,"column":27},"end":{"line":21,"column":35}},"10":{"start":{"line":24,"column":4},"end":{"line":24,"column":43}},"11":{"start":{"line":24,"column":17},"end":{"line":24,"column":42}},"12":{"start":{"line":28,"column":19},"end":{"line":32,"column":3}},"13":{"start":{"line":29,"column":4},"end":{"line":29,"column":39}},"14":{"start":{"line":29,"column":22},"end":{"line":29,"column":39}},"15":{"start":{"line":30,"column":4},"end":{"line":30,"column":39}},"16":{"start":{"line":30,"column":22},"end":{"line":30,"column":39}},"17":{"start":{"line":31,"column":4},"end":{"line":31,"column":21}},"18":{"start":{"line":34,"column":21},"end":{"line":38,"column":3}},"19":{"start":{"line":35,"column":14},"end":{"line":35,"column":43}},"20":{"start":{"line":36,"column":14},"end":{"line":36,"column":31}},"21":{"start":{"line":37,"column":4},"end":{"line":37,"column":79}},"22":{"start":{"line":40,"column":2},"end":{"line":44,"column":4}},"23":{"start":{"line":47,"column":15},"end":{"line":65,"column":2}}},"fnMap":{"0":{"name":"(anonymous_0)","decl":{"start":{"line":9,"column":43},"end":{"line":9,"column":44}},"loc":{"start":{"line":9,"column":77},"end":{"line":45,"column":1}},"line":9},"1":{"name":"(anonymous_1)","decl":{"start":{"line":12,"column":12},"end":{"line":12,"column":13}},"loc":{"start":{"line":12,"column":18},"end":{"line":25,"column":3}},"line":12},"2":{"name":"(anonymous_2)","decl":{"start":{"line":20,"column":35},"end":{"line":20,"column":36}},"loc":{"start":{"line":20,"column":41},"end":{"line":22,"column":5}},"line":20},"3":{"name":"(anonymous_3)","decl":{"start":{"line":21,"column":17},"end":{"line":21,"column":18}},"loc":{"start":{"line":21,"column":27},"end":{"line":21,"column":35}},"line":21},"4":{"name":"(anonymous_4)","decl":{"start":{"line":24,"column":11},"end":{"line":24,"column":12}},"loc":{"start":{"line":24,"column":17},"end":{"line":24,"column":42}},"line":24},"5":{"name":"(anonymous_5)","decl":{"start":{"line":28,"column":19},"end":{"line":28,"column":20}},"loc":{"start":{"line":28,"column":25},"end":{"line":32,"column":3}},"line":28},"6":{"name":"(anonymous_6)","decl":{"start":{"line":34,"column":21},"end":{"line":34,"column":22}},"loc":{"start":{"line":34,"column":47},"end":{"line":38,"column":3}},"line":34}},"branchMap":{"0":{"loc":{"start":{"line":13,"column":4},"end":{"line":18,"column":5}},"type":"if","locations":[{"start":{"line":13,"column":4},"end":{"line":18,"column":5}},{"start":{},"end":{}}],"line":13},"1":{"loc":{"start":{"line":14,"column":6},"end":{"line":16,"column":7}},"type":"if","locations":[{"start":{"line":14,"column":6},"end":{"line":16,"column":7}},{"start":{},"end":{}}],"line":14},"2":{"loc":{"start":{"line":29,"column":4},"end":{"line":29,"column":39}},"type":"if","locations":[{"start":{"line":29,"column":4},"end":{"line":29,"column":39}},{"start":{},"end":{}}],"line":29},"3":{"loc":{"start":{"line":30,"column":4},"end":{"line":30,"column":39}},"type":"if","locations":[{"start":{"line":30,"column":4},"end":{"line":30,"column":39}},{"start":{},"end":{}}],"line":30}},"s":{"0":2,"1":6,"2":6,"3":6,"4":1,"5":1,"6":1,"7":5,"8":3,"9":3,"10":5,"11":5,"12":6,"13":6,"14":4,"15":2,"16":0,"17":2,"18":6,"19":6,"20":6,"21":6,"22":6,"23":2},"f":{"0":6,"1":6,"2":3,"3":3,"4":5,"5":6,"6":6},"b":{"0":[1,5],"1":[1,0],"2":[4,2],"3":[0,2]},"_coverageSchema":"1a1c01bbd47fc00a2c39e90264f33305004495a9","hash":"b6dc3f6c7f5691246c841eb8a284261dfade9641"}
,"C:\\Users\\nitta\\Claude\\Projects\\【ナビ】 特定情報誘導型・高性能ナビ（Googleマップ連携）\\Taxi_Nav_Expo\\src\\components\\animated-icon.tsx": {"path":"C:\\Users\\nitta\\Claude\\Projects\\【ナビ】 特定情報誘導型・高性能ナビ（Googleマップ連携）\\Taxi_Nav_Expo\\src\\components\\animated-icon.tsx","statementMap":{"0":{"start":{"line":7,"column":29},"end":{"line":7,"column":65}},"1":{"start":{"line":8,"column":17},"end":{"line":8,"column":20}},"2":{"start":{"line":11,"column":32},"end":{"line":11,"column":46}},"3":{"start":{"line":13,"column":2},"end":{"line":13,"column":28}},"4":{"start":{"line":13,"column":16},"end":{"line":13,"column":28}},"5":{"start":{"line":15,"column":25},"end":{"line":32,"column":4}},"6":{"start":{"line":34,"column":2},"end":{"line":44,"column":4}},"7":{"start":{"line":38,"column":8},"end":{"line":40,"column":9}},"8":{"start":{"line":39,"column":10},"end":{"line":39,"column":42}},"9":{"start":{"line":47,"column":17},"end":{"line":55,"column":2}},"10":{"start":{"line":57,"column":21},"end":{"line":72,"column":2}},"11":{"start":{"line":74,"column":21},"end":{"line":81,"column":2}},"12":{"start":{"line":84,"column":2},"end":{"line":95,"column":4}},"13":{"start":{"line":98,"column":15},"end":{"line":132,"column":2}}},"fnMap":{"0":{"name":"AnimatedSplashOverlay","decl":{"start":{"line":10,"column":16},"end":{"line":10,"column":37}},"loc":{"start":{"line":10,"column":40},"end":{"line":45,"column":1}},"line":10},"1":{"name":"(anonymous_1)","decl":{"start":{"line":36,"column":63},"end":{"line":36,"column":64}},"loc":{"start":{"line":36,"column":77},"end":{"line":41,"column":7}},"line":36},"2":{"name":"AnimatedIcon","decl":{"start":{"line":83,"column":16},"end":{"line":83,"column":28}},"loc":{"start":{"line":83,"column":31},"end":{"line":96,"column":1}},"line":83}},"branchMap":{"0":{"loc":{"start":{"line":13,"column":2},"end":{"line":13,"column":28}},"type":"if","locations":[{"start":{"line":13,"column":2},"end":{"line":13,"column":28}},{"start":{},"end":{}}],"line":13},"1":{"loc":{"start":{"line":38,"column":8},"end":{"line":40,"column":9}},"type":"if","locations":[{"start":{"line":38,"column":8},"end":{"line":40,"column":9}},{"start":{},"end":{}}],"line":38}},"s":{"0":0,"1":0,"2":0,"3":0,"4":0,"5":0,"6":0,"7":0,"8":0,"9":0,"10":0,"11":0,"12":0,"13":0},"f":{"0":0,"1":0,"2":0},"b":{"0":[0,0],"1":[0,0]}}
,"C:\\Users\\nitta\\Claude\\Projects\\【ナビ】 特定情報誘導型・高性能ナビ（Googleマップ連携）\\Taxi_Nav_Expo\\src\\components\\animated-icon.web.tsx": {"path":"C:\\Users\\nitta\\Claude\\Projects\\【ナビ】 特定情報誘導型・高性能ナビ（Googleマップ連携）\\Taxi_Nav_Expo\\src\\components\\animated-icon.web.tsx","statementMap":{"0":{"start":{"line":6,"column":17},"end":{"line":6,"column":20}},"1":{"start":{"line":9,"column":2},"end":{"line":9,"column":14}},"2":{"start":{"line":12,"column":17},"end":{"line":24,"column":2}},"3":{"start":{"line":26,"column":21},"end":{"line":40,"column":2}},"4":{"start":{"line":42,"column":21},"end":{"line":55,"column":2}},"5":{"start":{"line":58,"column":2},"end":{"line":72,"column":4}},"6":{"start":{"line":75,"column":15},"end":{"line":108,"column":2}}},"fnMap":{"0":{"name":"AnimatedSplashOverlay","decl":{"start":{"line":8,"column":16},"end":{"line":8,"column":37}},"loc":{"start":{"line":8,"column":40},"end":{"line":10,"column":1}},"line":8},"1":{"name":"AnimatedIcon","decl":{"start":{"line":57,"column":16},"end":{"line":57,"column":28}},"loc":{"start":{"line":57,"column":31},"end":{"line":73,"column":1}},"line":57}},"branchMap":{},"s":{"0":0,"1":0,"2":0,"3":0,"4":0,"5":0,"6":0},"f":{"0":0,"1":0},"b":{}}
,"C:\\Users\\nitta\\Claude\\Projects\\【ナビ】 特定情報誘導型・高性能ナビ（Googleマップ連携）\\Taxi_Nav_Expo\\src\\components\\external-link.tsx": {"path":"C:\\Users\\nitta\\Claude\\Projects\\【ナビ】 特定情報誘導型・高性能ナビ（Googleマップ連携）\\Taxi_Nav_Expo\\src\\components\\external-link.tsx","statementMap":{"0":{"start":{"line":8,"column":2},"end":{"line":24,"column":4}},"1":{"start":{"line":14,"column":8},"end":{"line":21,"column":9}},"2":{"start":{"line":16,"column":10},"end":{"line":16,"column":33}},"3":{"start":{"line":18,"column":10},"end":{"line":20,"column":13}}},"fnMap":{"0":{"name":"ExternalLink","decl":{"start":{"line":7,"column":16},"end":{"line":7,"column":28}},"loc":{"start":{"line":7,"column":55},"end":{"line":25,"column":1}},"line":7},"1":{"name":"(anonymous_1)","decl":{"start":{"line":13,"column":15},"end":{"line":13,"column":16}},"loc":{"start":{"line":13,"column":32},"end":{"line":22,"column":7}},"line":13}},"branchMap":{"0":{"loc":{"start":{"line":14,"column":8},"end":{"line":21,"column":9}},"type":"if","locations":[{"start":{"line":14,"column":8},"end":{"line":21,"column":9}},{"start":{},"end":{}}],"line":14}},"s":{"0":0,"1":0,"2":0,"3":0},"f":{"0":0,"1":0},"b":{"0":[0,0]}}
,"C:\\Users\\nitta\\Claude\\Projects\\【ナビ】 特定情報誘導型・高性能ナビ（Googleマップ連携）\\Taxi_Nav_Expo\\src\\components\\hint-row.tsx": {"path":"C:\\Users\\nitta\\Claude\\Projects\\【ナビ】 特定情報誘導型・高性能ナビ（Googleマップ連携）\\Taxi_Nav_Expo\\src\\components\\hint-row.tsx","statementMap":{"0":{"start":{"line":15,"column":2},"end":{"line":22,"column":4}},"1":{"start":{"line":25,"column":15},"end":{"line":35,"column":2}}},"fnMap":{"0":{"name":"HintRow","decl":{"start":{"line":14,"column":16},"end":{"line":14,"column":23}},"loc":{"start":{"line":14,"column":89},"end":{"line":23,"column":1}},"line":14}},"branchMap":{"0":{"loc":{"start":{"line":14,"column":26},"end":{"line":14,"column":47}},"type":"default-arg","locations":[{"start":{"line":14,"column":34},"end":{"line":14,"column":47}}],"line":14},"1":{"loc":{"start":{"line":14,"column":49},"end":{"line":14,"column":71}},"type":"default-arg","locations":[{"start":{"line":14,"column":56},"end":{"line":14,"column":71}}],"line":14}},"s":{"0":0,"1":0},"f":{"0":0},"b":{"0":[0],"1":[0]}}
,"C:\\Users\\nitta\\Claude\\Projects\\【ナビ】 特定情報誘導型・高性能ナビ（Googleマップ連携）\\Taxi_Nav_Expo\\src\\components\\themed-text.tsx": {"path":"C:\\Users\\nitta\\Claude\\Projects\\【ナビ】 特定情報誘導型・高性能ナビ（Googleマップ連携）\\Taxi_Nav_Expo\\src\\components\\themed-text.tsx","statementMap":{"0":{"start":{"line":12,"column":16},"end":{"line":12,"column":26}},"1":{"start":{"line":14,"column":2},"end":{"line":30,"column":4}},"2":{"start":{"line":33,"column":15},"end":{"line":73,"column":2}}},"fnMap":{"0":{"name":"ThemedText","decl":{"start":{"line":11,"column":16},"end":{"line":11,"column":26}},"loc":{"start":{"line":11,"column":94},"end":{"line":31,"column":1}},"line":11}},"branchMap":{"0":{"loc":{"start":{"line":11,"column":36},"end":{"line":11,"column":52}},"type":"default-arg","locations":[{"start":{"line":11,"column":43},"end":{"line":11,"column":52}}],"line":11},"1":{"loc":{"start":{"line":17,"column":23},"end":{"line":17,"column":43}},"type":"binary-expr","locations":[{"start":{"line":17,"column":23},"end":{"line":17,"column":33}},{"start":{"line":17,"column":37},"end":{"line":17,"column":43}}],"line":17},"2":{"loc":{"start":{"line":18,"column":8},"end":{"line":18,"column":44}},"type":"binary-expr","locations":[{"start":{"line":18,"column":8},"end":{"line":18,"column":26}},{"start":{"line":18,"column":30},"end":{"line":18,"column":44}}],"line":18},"3":{"loc":{"start":{"line":19,"column":8},"end":{"line":19,"column":40}},"type":"binary-expr","locations":[{"start":{"line":19,"column":8},"end":{"line":19,"column":24}},{"start":{"line":19,"column":28},"end":{"line":19,"column":40}}],"line":19},"4":{"loc":{"start":{"line":20,"column":8},"end":{"line":20,"column":40}},"type":"binary-expr","locations":[{"start":{"line":20,"column":8},"end":{"line":20,"column":24}},{"start":{"line":20,"column":28},"end":{"line":20,"column":40}}],"line":20},"5":{"loc":{"start":{"line":21,"column":8},"end":{"line":21,"column":48}},"type":"binary-expr","locations":[{"start":{"line":21,"column":8},"end":{"line":21,"column":28}},{"start":{"line":21,"column":32},"end":{"line":21,"column":48}}],"line":21},"6":{"loc":{"start":{"line":22,"column":8},"end":{"line":22,"column":46}},"type":"binary-expr","locations":[{"start":{"line":22,"column":8},"end":{"line":22,"column":27}},{"start":{"line":22,"column":31},"end":{"line":22,"column":46}}],"line":22},"7":{"loc":{"start":{"line":23,"column":8},"end":{"line":23,"column":38}},"type":"binary-expr","locations":[{"start":{"line":23,"column":8},"end":{"line":23,"column":23}},{"start":{"line":23,"column":27},"end":{"line":23,"column":38}}],"line":23},"8":{"loc":{"start":{"line":24,"column":8},"end":{"line":24,"column":52}},"type":"binary-expr","locations":[{"start":{"line":24,"column":8},"end":{"line":24,"column":30}},{"start":{"line":24,"column":34},"end":{"line":24,"column":52}}],"line":24},"9":{"loc":{"start":{"line":25,"column":8},"end":{"line":25,"column":38}},"type":"binary-expr","locations":[{"start":{"line":25,"column":8},"end":{"line":25,"column":23}},{"start":{"line":25,"column":27},"end":{"line":25,"column":38}}],"line":25},"10":{"loc":{"start":{"line":70,"column":16},"end":{"line":70,"column":56}},"type":"binary-expr","locations":[{"start":{"line":70,"column":16},"end":{"line":70,"column":49}},{"start":{"line":70,"column":53},"end":{"line":70,"column":56}}],"line":70}},"s":{"0":27,"1":27,"2":1},"f":{"0":27},"b":{"0":[0],"1":[27,27],"2":[27,15],"3":[27,3],"4":[27,3],"5":[27,0],"6":[27,6],"7":[27,0],"8":[27,0],"9":[27,0],"10":[1,1]},"_coverageSchema":"1a1c01bbd47fc00a2c39e90264f33305004495a9","hash":"9c1cc28547caa170d43498a2e8154cc3222c7898"}
,"C:\\Users\\nitta\\Claude\\Projects\\【ナビ】 特定情報誘導型・高性能ナビ（Googleマップ連携）\\Taxi_Nav_Expo\\src\\components\\themed-view.tsx": {"path":"C:\\Users\\nitta\\Claude\\Projects\\【ナビ】 特定情報誘導型・高性能ナビ（Googleマップ連携）\\Taxi_Nav_Expo\\src\\components\\themed-view.tsx","statementMap":{"0":{"start":{"line":13,"column":16},"end":{"line":13,"column":26}},"1":{"start":{"line":15,"column":2},"end":{"line":15,"column":100}}},"fnMap":{"0":{"name":"ThemedView","decl":{"start":{"line":12,"column":16},"end":{"line":12,"column":26}},"loc":{"start":{"line":12,"column":99},"end":{"line":16,"column":1}},"line":12}},"branchMap":{"0":{"loc":{"start":{"line":15,"column":48},"end":{"line":15,"column":68}},"type":"binary-expr","locations":[{"start":{"line":15,"column":48},"end":{"line":15,"column":52}},{"start":{"line":15,"column":56},"end":{"line":15,"column":68}}],"line":15}},"s":{"0":9,"1":9},"f":{"0":9},"b":{"0":[9,9]},"_coverageSchema":"1a1c01bbd47fc00a2c39e90264f33305004495a9","hash":"030d0a244e1c030223880feda08c06202fdf54e9"}
,"C:\\Users\\nitta\\Claude\\Projects\\【ナビ】 特定情報誘導型・高性能ナビ（Googleマップ連携）\\Taxi_Nav_Expo\\src\\components\\web-badge.tsx": {"path":"C:\\Users\\nitta\\Claude\\Projects\\【ナビ】 特定情報誘導型・高性能ナビ（Googleマップ連携）\\Taxi_Nav_Expo\\src\\components\\web-badge.tsx","statementMap":{"0":{"start":{"line":11,"column":17},"end":{"line":11,"column":33}},"1":{"start":{"line":13,"column":2},"end":{"line":27,"column":4}},"2":{"start":{"line":30,"column":15},"end":{"line":43,"column":2}}},"fnMap":{"0":{"name":"WebBadge","decl":{"start":{"line":10,"column":16},"end":{"line":10,"column":24}},"loc":{"start":{"line":10,"column":27},"end":{"line":28,"column":1}},"line":10}},"branchMap":{"0":{"loc":{"start":{"line":20,"column":10},"end":{"line":22,"column":55}},"type":"cond-expr","locations":[{"start":{"line":21,"column":14},"end":{"line":21,"column":61}},{"start":{"line":22,"column":14},"end":{"line":22,"column":55}}],"line":20}},"s":{"0":0,"1":0,"2":0},"f":{"0":0},"b":{"0":[0,0]}}
,"C:\\Users\\nitta\\Claude\\Projects\\【ナビ】 特定情報誘導型・高性能ナビ（Googleマップ連携）\\Taxi_Nav_Expo\\src\\components\\ui\\collapsible.tsx": {"path":"C:\\Users\\nitta\\Claude\\Projects\\【ナビ】 特定情報誘導型・高性能ナビ（Googleマップ連携）\\Taxi_Nav_Expo\\src\\components\\ui\\collapsible.tsx","statementMap":{"0":{"start":{"line":12,"column":30},"end":{"line":12,"column":45}},"1":{"start":{"line":13,"column":16},"end":{"line":13,"column":26}},"2":{"start":{"line":15,"column":2},"end":{"line":40,"column":4}},"3":{"start":{"line":18,"column":32},"end":{"line":18,"column":82}},"4":{"start":{"line":19,"column":23},"end":{"line":19,"column":51}},"5":{"start":{"line":19,"column":44},"end":{"line":19,"column":50}},"6":{"start":{"line":43,"column":15},"end":{"line":65,"column":2}}},"fnMap":{"0":{"name":"Collapsible","decl":{"start":{"line":11,"column":16},"end":{"line":11,"column":27}},"loc":{"start":{"line":11,"column":88},"end":{"line":41,"column":1}},"line":11},"1":{"name":"(anonymous_1)","decl":{"start":{"line":18,"column":15},"end":{"line":18,"column":16}},"loc":{"start":{"line":18,"column":32},"end":{"line":18,"column":82}},"line":18},"2":{"name":"(anonymous_2)","decl":{"start":{"line":19,"column":17},"end":{"line":19,"column":18}},"loc":{"start":{"line":19,"column":23},"end":{"line":19,"column":51}},"line":19},"3":{"name":"(anonymous_3)","decl":{"start":{"line":19,"column":33},"end":{"line":19,"column":34}},"loc":{"start":{"line":19,"column":44},"end":{"line":19,"column":50}},"line":19}},"branchMap":{"0":{"loc":{"start":{"line":18,"column":49},"end":{"line":18,"column":81}},"type":"binary-expr","locations":[{"start":{"line":18,"column":49},"end":{"line":18,"column":56}},{"start":{"line":18,"column":60},"end":{"line":18,"column":81}}],"line":18},"1":{"loc":{"start":{"line":26,"column":43},"end":{"line":26,"column":70}},"type":"cond-expr","locations":[{"start":{"line":26,"column":52},"end":{"line":26,"column":60}},{"start":{"line":26,"column":63},"end":{"line":26,"column":70}}],"line":26},"2":{"loc":{"start":{"line":32,"column":7},"end":{"line":38,"column":7}},"type":"binary-expr","locations":[{"start":{"line":32,"column":7},"end":{"line":32,"column":13}},{"start":{"line":33,"column":8},"end":{"line":37,"column":24}}],"line":32}},"s":{"0":0,"1":0,"2":0,"3":0,"4":0,"5":0,"6":0},"f":{"0":0,"1":0,"2":0,"3":0},"b":{"0":[0,0],"1":[0,0],"2":[0,0]}}
,"C:\\Users\\nitta\\Claude\\Projects\\【ナビ】 特定情報誘導型・高性能ナビ（Googleマップ連携）\\Taxi_Nav_Expo\\src\\hooks\\use-color-scheme.ts": {"path":"C:\\Users\\nitta\\Claude\\Projects\\【ナビ】 特定情報誘導型・高性能ナビ（Googleマップ連携）\\Taxi_Nav_Expo\\src\\hooks\\use-color-scheme.ts","statementMap":{},"fnMap":{},"branchMap":{},"s":{},"f":{},"b":{},"_coverageSchema":"1a1c01bbd47fc00a2c39e90264f33305004495a9","hash":"cbc2b0768e8c06ee8a4aa78e1225a5c1cd0d9f29"}
,"C:\\Users\\nitta\\Claude\\Projects\\【ナビ】 特定情報誘導型・高性能ナビ（Googleマップ連携）\\Taxi_Nav_Expo\\src\\hooks\\use-color-scheme.web.ts": {"path":"C:\\Users\\nitta\\Claude\\Projects\\【ナビ】 特定情報誘導型・高性能ナビ（Googleマップ連携）\\Taxi_Nav_Expo\\src\\hooks\\use-color-scheme.web.ts","statementMap":{"0":{"start":{"line":8,"column":40},"end":{"line":8,"column":55}},"1":{"start":{"line":10,"column":2},"end":{"line":12,"column":9}},"2":{"start":{"line":11,"column":4},"end":{"line":11,"column":25}},"3":{"start":{"line":14,"column":22},"end":{"line":14,"column":40}},"4":{"start":{"line":16,"column":2},"end":{"line":18,"column":3}},"5":{"start":{"line":17,"column":4},"end":{"line":17,"column":23}},"6":{"start":{"line":20,"column":2},"end":{"line":20,"column":17}}},"fnMap":{"0":{"name":"useColorScheme","decl":{"start":{"line":7,"column":16},"end":{"line":7,"column":30}},"loc":{"start":{"line":7,"column":33},"end":{"line":21,"column":1}},"line":7},"1":{"name":"(anonymous_1)","decl":{"start":{"line":10,"column":12},"end":{"line":10,"column":13}},"loc":{"start":{"line":10,"column":18},"end":{"line":12,"column":3}},"line":10}},"branchMap":{"0":{"loc":{"start":{"line":16,"column":2},"end":{"line":18,"column":3}},"type":"if","locations":[{"start":{"line":16,"column":2},"end":{"line":18,"column":3}},{"start":{},"end":{}}],"line":16}},"s":{"0":0,"1":0,"2":0,"3":0,"4":0,"5":0,"6":0},"f":{"0":0,"1":0},"b":{"0":[0,0]}}
,"C:\\Users\\nitta\\Claude\\Projects\\【ナビ】 特定情報誘導型・高性能ナビ（Googleマップ連携）\\Taxi_Nav_Expo\\src\\hooks\\use-theme.ts": {"path":"C:\\Users\\nitta\\Claude\\Projects\\【ナビ】 特定情報誘導型・高性能ナビ（Googleマップ連携）\\Taxi_Nav_Expo\\src\\hooks\\use-theme.ts","statementMap":{"0":{"start":{"line":10,"column":17},"end":{"line":10,"column":33}},"1":{"start":{"line":11,"column":16},"end":{"line":11,"column":76}},"2":{"start":{"line":13,"column":2},"end":{"line":13,"column":23}}},"fnMap":{"0":{"name":"useTheme","decl":{"start":{"line":9,"column":16},"end":{"line":9,"column":24}},"loc":{"start":{"line":9,"column":27},"end":{"line":14,"column":1}},"line":9}},"branchMap":{"0":{"loc":{"start":{"line":11,"column":16},"end":{"line":11,"column":76}},"type":"cond-expr","locations":[{"start":{"line":11,"column":60},"end":{"line":11,"column":66}},{"start":{"line":11,"column":69},"end":{"line":11,"column":76}}],"line":11},"1":{"loc":{"start":{"line":11,"column":17},"end":{"line":11,"column":56}},"type":"binary-expr","locations":[{"start":{"line":11,"column":17},"end":{"line":11,"column":35}},{"start":{"line":11,"column":39},"end":{"line":11,"column":56}}],"line":11}},"s":{"0":36,"1":36,"2":36},"f":{"0":36},"b":{"0":[36,0],"1":[36,0]},"_coverageSchema":"1a1c01bbd47fc00a2c39e90264f33305004495a9","hash":"ced13f35dc7f148f5b1847a3d470a24609ed32f0"}
,"C:\\Users\\nitta\\Claude\\Projects\\【ナビ】 特定情報誘導型・高性能ナビ（Googleマップ連携）\\Taxi_Nav_Expo\\src\\screens\\LoginScreen.tsx": {"path":"C:\\Users\\nitta\\Claude\\Projects\\【ナビ】 特定情報誘導型・高性能ナビ（Googleマップ連携）\\Taxi_Nav_Expo\\src\\screens\\LoginScreen.tsx","statementMap":{"0":{"start":{"line":17,"column":55},"end":{"line":87,"column":1}},"1":{"start":{"line":18,"column":22},"end":{"line":18,"column":71}},"2":{"start":{"line":19,"column":16},"end":{"line":19,"column":35}},"3":{"start":{"line":21,"column":28},"end":{"line":21,"column":40}},"4":{"start":{"line":22,"column":34},"end":{"line":22,"column":46}},"5":{"start":{"line":24,"column":22},"end":{"line":29,"column":3}},"6":{"start":{"line":26,"column":4},"end":{"line":28,"column":5}},"7":{"start":{"line":27,"column":6},"end":{"line":27,"column":16}},"8":{"start":{"line":31,"column":2},"end":{"line":86,"column":4}},"9":{"start":{"line":89,"column":15},"end":{"line":133,"column":2}}},"fnMap":{"0":{"name":"(anonymous_0)","decl":{"start":{"line":17,"column":55},"end":{"line":17,"column":56}},"loc":{"start":{"line":17,"column":72},"end":{"line":87,"column":1}},"line":17},"1":{"name":"(anonymous_1)","decl":{"start":{"line":24,"column":22},"end":{"line":24,"column":23}},"loc":{"start":{"line":24,"column":28},"end":{"line":29,"column":3}},"line":24}},"branchMap":{"0":{"loc":{"start":{"line":18,"column":23},"end":{"line":18,"column":50}},"type":"binary-expr","locations":[{"start":{"line":18,"column":23},"end":{"line":18,"column":39}},{"start":{"line":18,"column":43},"end":{"line":18,"column":50}}],"line":18},"1":{"loc":{"start":{"line":26,"column":4},"end":{"line":28,"column":5}},"type":"if","locations":[{"start":{"line":26,"column":4},"end":{"line":28,"column":5}},{"start":{},"end":{}}],"line":26}},"s":{"0":1,"1":2,"2":2,"3":2,"4":2,"5":2,"6":1,"7":1,"8":2,"9":1},"f":{"0":2,"1":1},"b":{"0":[2,0],"1":[1,0]},"_coverageSchema":"1a1c01bbd47fc00a2c39e90264f33305004495a9","hash":"a3d0266def4aefb7bff344cb139e0a02f75e3040"}
,"C:\\Users\\nitta\\Claude\\Projects\\【ナビ】 特定情報誘導型・高性能ナビ（Googleマップ連携）\\Taxi_Nav_Expo\\src\\screens\\MapScreen.tsx": {"path":"C:\\Users\\nitta\\Claude\\Projects\\【ナビ】 特定情報誘導型・高性能ナビ（Googleマップ連携）\\Taxi_Nav_Expo\\src\\screens\\MapScreen.tsx","statementMap":{"0":{"start":{"line":13,"column":31},"end":{"line":18,"column":1}},"1":{"start":{"line":21,"column":22},"end":{"line":39,"column":1}},"2":{"start":{"line":42,"column":20},"end":{"line":60,"column":1}},"3":{"start":{"line":43,"column":26},"end":{"line":43,"column":28}},"4":{"start":{"line":46,"column":2},"end":{"line":46,"column":68}},"5":{"start":{"line":46,"column":43},"end":{"line":46,"column":68}},"6":{"start":{"line":49,"column":22},"end":{"line":49,"column":77}},"7":{"start":{"line":50,"column":2},"end":{"line":54,"column":3}},"8":{"start":{"line":51,"column":4},"end":{"line":53,"column":67}},"9":{"start":{"line":51,"column":41},"end":{"line":51,"column":60}},"10":{"start":{"line":52,"column":9},"end":{"line":53,"column":67}},"11":{"start":{"line":52,"column":50},"end":{"line":52,"column":70}},"12":{"start":{"line":53,"column":9},"end":{"line":53,"column":67}},"13":{"start":{"line":53,"column":33},"end":{"line":53,"column":67}},"14":{"start":{"line":57,"column":2},"end":{"line":57,"column":58}},"15":{"start":{"line":57,"column":37},"end":{"line":57,"column":58}},"16":{"start":{"line":59,"column":2},"end":{"line":59,"column":24}},"17":{"start":{"line":62,"column":35},"end":{"line":369,"column":1}},"18":{"start":{"line":63,"column":22},"end":{"line":63,"column":71}},"19":{"start":{"line":64,"column":16},"end":{"line":64,"column":35}},"20":{"start":{"line":66,"column":17},"end":{"line":66,"column":38}},"21":{"start":{"line":67,"column":48},"end":{"line":67,"column":83}},"22":{"start":{"line":69,"column":40},"end":{"line":69,"column":71}},"23":{"start":{"line":70,"column":54},"end":{"line":70,"column":65}},"24":{"start":{"line":73,"column":52},"end":{"line":73,"column":67}},"25":{"start":{"line":74,"column":42},"end":{"line":74,"column":71}},"26":{"start":{"line":75,"column":44},"end":{"line":75,"column":55}},"27":{"start":{"line":76,"column":42},"end":{"line":76,"column":75}},"28":{"start":{"line":77,"column":42},"end":{"line":77,"column":85}},"29":{"start":{"line":78,"column":34},"end":{"line":78,"column":71}},"30":{"start":{"line":81,"column":39},"end":{"line":90,"column":3}},"31":{"start":{"line":83,"column":19},"end":{"line":83,"column":23}},"32":{"start":{"line":84,"column":4},"end":{"line":89,"column":7}},"33":{"start":{"line":92,"column":2},"end":{"line":129,"column":9}},"34":{"start":{"line":94,"column":25},"end":{"line":113,"column":5}},"35":{"start":{"line":96,"column":25},"end":{"line":96,"column":72}},"36":{"start":{"line":97,"column":6},"end":{"line":106,"column":7}},"37":{"start":{"line":98,"column":8},"end":{"line":98,"column":39}},"38":{"start":{"line":99,"column":8},"end":{"line":99,"column":49}},"39":{"start":{"line":100,"column":8},"end":{"line":105,"column":11}},"40":{"start":{"line":109,"column":6},"end":{"line":112,"column":9}},"41":{"start":{"line":110,"column":8},"end":{"line":110,"column":32}},"42":{"start":{"line":111,"column":8},"end":{"line":111,"column":42}},"43":{"start":{"line":115,"column":4},"end":{"line":115,"column":19}},"44":{"start":{"line":118,"column":25},"end":{"line":123,"column":6}},"45":{"start":{"line":119,"column":6},"end":{"line":122,"column":7}},"46":{"start":{"line":125,"column":4},"end":{"line":128,"column":6}},"47":{"start":{"line":126,"column":6},"end":{"line":126,"column":28}},"48":{"start":{"line":127,"column":6},"end":{"line":127,"column":44}},"49":{"start":{"line":133,"column":28},"end":{"line":147,"column":28}},"50":{"start":{"line":134,"column":4},"end":{"line":146,"column":22}},"51":{"start":{"line":137,"column":28},"end":{"line":137,"column":89}},"52":{"start":{"line":137,"column":52},"end":{"line":137,"column":88}},"53":{"start":{"line":138,"column":10},"end":{"line":144,"column":12}},"54":{"start":{"line":149,"column":24},"end":{"line":183,"column":3}},"55":{"start":{"line":150,"column":4},"end":{"line":150,"column":32}},"56":{"start":{"line":150,"column":25},"end":{"line":150,"column":32}},"57":{"start":{"line":152,"column":4},"end":{"line":182,"column":5}},"58":{"start":{"line":154,"column":25},"end":{"line":154,"column":74}},"59":{"start":{"line":157,"column":23},"end":{"line":157,"column":50}},"60":{"start":{"line":158,"column":6},"end":{"line":168,"column":9}},"61":{"start":{"line":158,"column":29},"end":{"line":168,"column":7}},"62":{"start":{"line":171,"column":6},"end":{"line":171,"column":32}},"63":{"start":{"line":172,"column":6},"end":{"line":172,"column":26}},"64":{"start":{"line":173,"column":6},"end":{"line":173,"column":37}},"65":{"start":{"line":174,"column":6},"end":{"line":174,"column":42}},"66":{"start":{"line":175,"column":6},"end":{"line":175,"column":36}},"67":{"start":{"line":176,"column":6},"end":{"line":176,"column":33}},"68":{"start":{"line":181,"column":6},"end":{"line":181,"column":64}},"69":{"start":{"line":185,"column":24},"end":{"line":199,"column":3}},"70":{"start":{"line":186,"column":4},"end":{"line":196,"column":8}},"71":{"start":{"line":186,"column":27},"end":{"line":196,"column":6}},"72":{"start":{"line":187,"column":6},"end":{"line":194,"column":7}},"73":{"start":{"line":188,"column":8},"end":{"line":193,"column":10}},"74":{"start":{"line":195,"column":6},"end":{"line":195,"column":17}},"75":{"start":{"line":197,"column":4},"end":{"line":197,"column":32}},"76":{"start":{"line":198,"column":4},"end":{"line":198,"column":26}},"77":{"start":{"line":201,"column":26},"end":{"line":206,"column":3}},"78":{"start":{"line":203,"column":4},"end":{"line":203,"column":72}},"79":{"start":{"line":203,"column":27},"end":{"line":203,"column":70}},"80":{"start":{"line":203,"column":46},"end":{"line":203,"column":69}},"81":{"start":{"line":204,"column":4},"end":{"line":204,"column":32}},"82":{"start":{"line":205,"column":4},"end":{"line":205,"column":26}},"83":{"start":{"line":208,"column":27},"end":{"line":212,"column":3}},"84":{"start":{"line":210,"column":4},"end":{"line":210,"column":32}},"85":{"start":{"line":211,"column":4},"end":{"line":211,"column":26}},"86":{"start":{"line":214,"column":2},"end":{"line":368,"column":4}},"87":{"start":{"line":227,"column":10},"end":{"line":234,"column":12}},"88":{"start":{"line":239,"column":10},"end":{"line":264,"column":19}},"89":{"start":{"line":244,"column":31},"end":{"line":244,"column":55}},"90":{"start":{"line":245,"column":14},"end":{"line":245,"column":106}},"91":{"start":{"line":245,"column":37},"end":{"line":245,"column":104}},"92":{"start":{"line":245,"column":51},"end":{"line":245,"column":103}},"93":{"start":{"line":249,"column":14},"end":{"line":249,"column":38}},"94":{"start":{"line":250,"column":14},"end":{"line":250,"column":47}},"95":{"start":{"line":251,"column":14},"end":{"line":251,"column":45}},"96":{"start":{"line":252,"column":14},"end":{"line":252,"column":44}},"97":{"start":{"line":253,"column":14},"end":{"line":253,"column":36}},"98":{"start":{"line":254,"column":14},"end":{"line":254,"column":41}},"99":{"start":{"line":279,"column":10},"end":{"line":279,"column":54}},"100":{"start":{"line":294,"column":33},"end":{"line":294,"column":68}},"101":{"start":{"line":297,"column":33},"end":{"line":297,"column":71}},"102":{"start":{"line":300,"column":33},"end":{"line":300,"column":69}},"103":{"start":{"line":303,"column":33},"end":{"line":303,"column":70}},"104":{"start":{"line":310,"column":79},"end":{"line":310,"column":127}},"105":{"start":{"line":314,"column":79},"end":{"line":314,"column":114}},"106":{"start":{"line":325,"column":33},"end":{"line":325,"column":63}},"107":{"start":{"line":328,"column":33},"end":{"line":328,"column":63}},"108":{"start":{"line":331,"column":33},"end":{"line":331,"column":67}},"109":{"start":{"line":340,"column":33},"end":{"line":340,"column":62}},"110":{"start":{"line":343,"column":33},"end":{"line":343,"column":60}},"111":{"start":{"line":346,"column":33},"end":{"line":346,"column":60}},"112":{"start":{"line":349,"column":33},"end":{"line":349,"column":63}},"113":{"start":{"line":371,"column":15},"end":{"line":543,"column":2}}},"fnMap":{"0":{"name":"(anonymous_0)","decl":{"start":{"line":42,"column":20},"end":{"line":42,"column":21}},"loc":{"start":{"line":42,"column":54},"end":{"line":60,"column":1}},"line":42},"1":{"name":"(anonymous_1)","decl":{"start":{"line":62,"column":35},"end":{"line":62,"column":36}},"loc":{"start":{"line":62,"column":41},"end":{"line":369,"column":1}},"line":62},"2":{"name":"(anonymous_2)","decl":{"start":{"line":81,"column":39},"end":{"line":81,"column":40}},"loc":{"start":{"line":81,"column":68},"end":{"line":90,"column":3}},"line":81},"3":{"name":"(anonymous_3)","decl":{"start":{"line":92,"column":12},"end":{"line":92,"column":13}},"loc":{"start":{"line":92,"column":18},"end":{"line":129,"column":3}},"line":92},"4":{"name":"(anonymous_4)","decl":{"start":{"line":94,"column":25},"end":{"line":94,"column":26}},"loc":{"start":{"line":94,"column":37},"end":{"line":113,"column":5}},"line":94},"5":{"name":"(anonymous_5)","decl":{"start":{"line":109,"column":54},"end":{"line":109,"column":55}},"loc":{"start":{"line":109,"column":63},"end":{"line":112,"column":7}},"line":109},"6":{"name":"(anonymous_6)","decl":{"start":{"line":118,"column":61},"end":{"line":118,"column":62}},"loc":{"start":{"line":118,"column":95},"end":{"line":123,"column":5}},"line":118},"7":{"name":"(anonymous_7)","decl":{"start":{"line":125,"column":11},"end":{"line":125,"column":12}},"loc":{"start":{"line":125,"column":17},"end":{"line":128,"column":5}},"line":125},"8":{"name":"(anonymous_8)","decl":{"start":{"line":133,"column":42},"end":{"line":133,"column":43}},"loc":{"start":{"line":133,"column":48},"end":{"line":147,"column":3}},"line":133},"9":{"name":"(anonymous_9)","decl":{"start":{"line":135,"column":54},"end":{"line":135,"column":55}},"loc":{"start":{"line":135,"column":59},"end":{"line":145,"column":9}},"line":135},"10":{"name":"(anonymous_10)","decl":{"start":{"line":137,"column":47},"end":{"line":137,"column":48}},"loc":{"start":{"line":137,"column":52},"end":{"line":137,"column":88}},"line":137},"11":{"name":"(anonymous_11)","decl":{"start":{"line":149,"column":24},"end":{"line":149,"column":25}},"loc":{"start":{"line":149,"column":56},"end":{"line":183,"column":3}},"line":149},"12":{"name":"(anonymous_12)","decl":{"start":{"line":158,"column":21},"end":{"line":158,"column":22}},"loc":{"start":{"line":158,"column":29},"end":{"line":168,"column":7}},"line":158},"13":{"name":"(anonymous_13)","decl":{"start":{"line":185,"column":24},"end":{"line":185,"column":25}},"loc":{"start":{"line":185,"column":30},"end":{"line":199,"column":3}},"line":185},"14":{"name":"(anonymous_14)","decl":{"start":{"line":186,"column":19},"end":{"line":186,"column":20}},"loc":{"start":{"line":186,"column":27},"end":{"line":196,"column":6}},"line":186},"15":{"name":"(anonymous_15)","decl":{"start":{"line":186,"column":36},"end":{"line":186,"column":37}},"loc":{"start":{"line":186,"column":43},"end":{"line":196,"column":5}},"line":186},"16":{"name":"(anonymous_16)","decl":{"start":{"line":201,"column":26},"end":{"line":201,"column":27}},"loc":{"start":{"line":201,"column":32},"end":{"line":206,"column":3}},"line":201},"17":{"name":"(anonymous_17)","decl":{"start":{"line":203,"column":19},"end":{"line":203,"column":20}},"loc":{"start":{"line":203,"column":27},"end":{"line":203,"column":70}},"line":203},"18":{"name":"(anonymous_18)","decl":{"start":{"line":203,"column":39},"end":{"line":203,"column":40}},"loc":{"start":{"line":203,"column":46},"end":{"line":203,"column":69}},"line":203},"19":{"name":"(anonymous_19)","decl":{"start":{"line":208,"column":27},"end":{"line":208,"column":28}},"loc":{"start":{"line":208,"column":33},"end":{"line":212,"column":3}},"line":208},"20":{"name":"(anonymous_20)","decl":{"start":{"line":226,"column":31},"end":{"line":226,"column":32}},"loc":{"start":{"line":227,"column":10},"end":{"line":234,"column":12}},"line":227},"21":{"name":"(anonymous_21)","decl":{"start":{"line":238,"column":25},"end":{"line":238,"column":26}},"loc":{"start":{"line":239,"column":10},"end":{"line":264,"column":19}},"line":239},"22":{"name":"(anonymous_22)","decl":{"start":{"line":243,"column":23},"end":{"line":243,"column":24}},"loc":{"start":{"line":243,"column":30},"end":{"line":246,"column":13}},"line":243},"23":{"name":"(anonymous_23)","decl":{"start":{"line":245,"column":29},"end":{"line":245,"column":30}},"loc":{"start":{"line":245,"column":37},"end":{"line":245,"column":104}},"line":245},"24":{"name":"(anonymous_24)","decl":{"start":{"line":245,"column":46},"end":{"line":245,"column":47}},"loc":{"start":{"line":245,"column":51},"end":{"line":245,"column":103}},"line":245},"25":{"name":"(anonymous_25)","decl":{"start":{"line":247,"column":21},"end":{"line":247,"column":22}},"loc":{"start":{"line":247,"column":27},"end":{"line":255,"column":13}},"line":247},"26":{"name":"(anonymous_26)","decl":{"start":{"line":278,"column":24},"end":{"line":278,"column":25}},"loc":{"start":{"line":278,"column":36},"end":{"line":280,"column":9}},"line":278},"27":{"name":"(anonymous_27)","decl":{"start":{"line":294,"column":27},"end":{"line":294,"column":28}},"loc":{"start":{"line":294,"column":33},"end":{"line":294,"column":68}},"line":294},"28":{"name":"(anonymous_28)","decl":{"start":{"line":297,"column":27},"end":{"line":297,"column":28}},"loc":{"start":{"line":297,"column":33},"end":{"line":297,"column":71}},"line":297},"29":{"name":"(anonymous_29)","decl":{"start":{"line":300,"column":27},"end":{"line":300,"column":28}},"loc":{"start":{"line":300,"column":33},"end":{"line":300,"column":69}},"line":300},"30":{"name":"(anonymous_30)","decl":{"start":{"line":303,"column":27},"end":{"line":303,"column":28}},"loc":{"start":{"line":303,"column":33},"end":{"line":303,"column":70}},"line":303},"31":{"name":"(anonymous_31)","decl":{"start":{"line":310,"column":73},"end":{"line":310,"column":74}},"loc":{"start":{"line":310,"column":79},"end":{"line":310,"column":127}},"line":310},"32":{"name":"(anonymous_32)","decl":{"start":{"line":314,"column":73},"end":{"line":314,"column":74}},"loc":{"start":{"line":314,"column":79},"end":{"line":314,"column":114}},"line":314},"33":{"name":"(anonymous_33)","decl":{"start":{"line":325,"column":27},"end":{"line":325,"column":28}},"loc":{"start":{"line":325,"column":33},"end":{"line":325,"column":63}},"line":325},"34":{"name":"(anonymous_34)","decl":{"start":{"line":328,"column":27},"end":{"line":328,"column":28}},"loc":{"start":{"line":328,"column":33},"end":{"line":328,"column":63}},"line":328},"35":{"name":"(anonymous_35)","decl":{"start":{"line":331,"column":27},"end":{"line":331,"column":28}},"loc":{"start":{"line":331,"column":33},"end":{"line":331,"column":67}},"line":331},"36":{"name":"(anonymous_36)","decl":{"start":{"line":340,"column":27},"end":{"line":340,"column":28}},"loc":{"start":{"line":340,"column":33},"end":{"line":340,"column":62}},"line":340},"37":{"name":"(anonymous_37)","decl":{"start":{"line":343,"column":27},"end":{"line":343,"column":28}},"loc":{"start":{"line":343,"column":33},"end":{"line":343,"column":60}},"line":343},"38":{"name":"(anonymous_38)","decl":{"start":{"line":346,"column":27},"end":{"line":346,"column":28}},"loc":{"start":{"line":346,"column":33},"end":{"line":346,"column":60}},"line":346},"39":{"name":"(anonymous_39)","decl":{"start":{"line":349,"column":27},"end":{"line":349,"column":28}},"loc":{"start":{"line":349,"column":33},"end":{"line":349,"column":63}},"line":349}},"branchMap":{"0":{"loc":{"start":{"line":46,"column":2},"end":{"line":46,"column":68}},"type":"if","locations":[{"start":{"line":46,"column":2},"end":{"line":46,"column":68}},{"start":{},"end":{}}],"line":46},"1":{"loc":{"start":{"line":49,"column":22},"end":{"line":49,"column":77}},"type":"binary-expr","locations":[{"start":{"line":49,"column":22},"end":{"line":49,"column":42}},{"start":{"line":49,"column":46},"end":{"line":49,"column":77}}],"line":49},"2":{"loc":{"start":{"line":50,"column":2},"end":{"line":54,"column":3}},"type":"if","locations":[{"start":{"line":50,"column":2},"end":{"line":54,"column":3}},{"start":{},"end":{}}],"line":50},"3":{"loc":{"start":{"line":51,"column":4},"end":{"line":53,"column":67}},"type":"if","locations":[{"start":{"line":51,"column":4},"end":{"line":53,"column":67}},{"start":{"line":52,"column":9},"end":{"line":53,"column":67}}],"line":51},"4":{"loc":{"start":{"line":52,"column":9},"end":{"line":53,"column":67}},"type":"if","locations":[{"start":{"line":52,"column":9},"end":{"line":53,"column":67}},{"start":{"line":53,"column":9},"end":{"line":53,"column":67}}],"line":52},"5":{"loc":{"start":{"line":53,"column":9},"end":{"line":53,"column":67}},"type":"if","locations":[{"start":{"line":53,"column":9},"end":{"line":53,"column":67}},{"start":{},"end":{}}],"line":53},"6":{"loc":{"start":{"line":57,"column":2},"end":{"line":57,"column":58}},"type":"if","locations":[{"start":{"line":57,"column":2},"end":{"line":57,"column":58}},{"start":{},"end":{}}],"line":57},"7":{"loc":{"start":{"line":63,"column":23},"end":{"line":63,"column":50}},"type":"binary-expr","locations":[{"start":{"line":63,"column":23},"end":{"line":63,"column":39}},{"start":{"line":63,"column":43},"end":{"line":63,"column":50}}],"line":63},"8":{"loc":{"start":{"line":97,"column":6},"end":{"line":106,"column":7}},"type":"if","locations":[{"start":{"line":97,"column":6},"end":{"line":106,"column":7}},{"start":{},"end":{}}],"line":97},"9":{"loc":{"start":{"line":119,"column":6},"end":{"line":122,"column":7}},"type":"if","locations":[{"start":{"line":119,"column":6},"end":{"line":122,"column":7}},{"start":{},"end":{}}],"line":119},"10":{"loc":{"start":{"line":119,"column":10},"end":{"line":119,"column":70}},"type":"binary-expr","locations":[{"start":{"line":119,"column":10},"end":{"line":119,"column":39}},{"start":{"line":119,"column":43},"end":{"line":119,"column":70}}],"line":119},"11":{"loc":{"start":{"line":134,"column":11},"end":{"line":146,"column":21}},"type":"cond-expr","locations":[{"start":{"line":135,"column":8},"end":{"line":145,"column":10}},{"start":{"line":146,"column":8},"end":{"line":146,"column":21}}],"line":134},"12":{"loc":{"start":{"line":141,"column":24},"end":{"line":141,"column":105}},"type":"cond-expr","locations":[{"start":{"line":141,"column":36},"end":{"line":141,"column":56}},{"start":{"line":141,"column":59},"end":{"line":141,"column":105}}],"line":141},"13":{"loc":{"start":{"line":143,"column":19},"end":{"line":143,"column":104}},"type":"cond-expr","locations":[{"start":{"line":143,"column":44},"end":{"line":143,"column":53}},{"start":{"line":143,"column":56},"end":{"line":143,"column":104}}],"line":143},"14":{"loc":{"start":{"line":143,"column":56},"end":{"line":143,"column":104}},"type":"cond-expr","locations":[{"start":{"line":143,"column":83},"end":{"line":143,"column":92}},{"start":{"line":143,"column":95},"end":{"line":143,"column":104}}],"line":143},"15":{"loc":{"start":{"line":150,"column":4},"end":{"line":150,"column":32}},"type":"if","locations":[{"start":{"line":150,"column":4},"end":{"line":150,"column":32}},{"start":{},"end":{}}],"line":150},"16":{"loc":{"start":{"line":187,"column":6},"end":{"line":194,"column":7}},"type":"if","locations":[{"start":{"line":187,"column":6},"end":{"line":194,"column":7}},{"start":{},"end":{}}],"line":187},"17":{"loc":{"start":{"line":233,"column":26},"end":{"line":233,"column":68}},"type":"binary-expr","locations":[{"start":{"line":233,"column":26},"end":{"line":233,"column":55}},{"start":{"line":233,"column":59},"end":{"line":233,"column":68}}],"line":233},"18":{"loc":{"start":{"line":245,"column":51},"end":{"line":245,"column":103}},"type":"cond-expr","locations":[{"start":{"line":245,"column":69},"end":{"line":245,"column":99}},{"start":{"line":245,"column":102},"end":{"line":245,"column":103}}],"line":245},"19":{"loc":{"start":{"line":261,"column":70},"end":{"line":261,"column":98}},"type":"binary-expr","locations":[{"start":{"line":261,"column":70},"end":{"line":261,"column":86}},{"start":{"line":261,"column":90},"end":{"line":261,"column":98}}],"line":261},"20":{"loc":{"start":{"line":293,"column":44},"end":{"line":293,"column":105}},"type":"binary-expr","locations":[{"start":{"line":293,"column":44},"end":{"line":293,"column":79}},{"start":{"line":293,"column":83},"end":{"line":293,"column":105}}],"line":293},"21":{"loc":{"start":{"line":296,"column":44},"end":{"line":296,"column":108}},"type":"binary-expr","locations":[{"start":{"line":296,"column":44},"end":{"line":296,"column":82}},{"start":{"line":296,"column":86},"end":{"line":296,"column":108}}],"line":296},"22":{"loc":{"start":{"line":299,"column":44},"end":{"line":299,"column":106}},"type":"binary-expr","locations":[{"start":{"line":299,"column":44},"end":{"line":299,"column":80}},{"start":{"line":299,"column":84},"end":{"line":299,"column":106}}],"line":299},"23":{"loc":{"start":{"line":302,"column":44},"end":{"line":302,"column":107}},"type":"binary-expr","locations":[{"start":{"line":302,"column":44},"end":{"line":302,"column":81}},{"start":{"line":302,"column":85},"end":{"line":302,"column":107}}],"line":302},"24":{"loc":{"start":{"line":324,"column":44},"end":{"line":324,"column":100}},"type":"binary-expr","locations":[{"start":{"line":324,"column":44},"end":{"line":324,"column":74}},{"start":{"line":324,"column":78},"end":{"line":324,"column":100}}],"line":324},"25":{"loc":{"start":{"line":327,"column":44},"end":{"line":327,"column":100}},"type":"binary-expr","locations":[{"start":{"line":327,"column":44},"end":{"line":327,"column":74}},{"start":{"line":327,"column":78},"end":{"line":327,"column":100}}],"line":327},"26":{"loc":{"start":{"line":330,"column":44},"end":{"line":330,"column":104}},"type":"binary-expr","locations":[{"start":{"line":330,"column":44},"end":{"line":330,"column":78}},{"start":{"line":330,"column":82},"end":{"line":330,"column":104}}],"line":330},"27":{"loc":{"start":{"line":339,"column":44},"end":{"line":339,"column":99}},"type":"binary-expr","locations":[{"start":{"line":339,"column":44},"end":{"line":339,"column":73}},{"start":{"line":339,"column":77},"end":{"line":339,"column":99}}],"line":339},"28":{"loc":{"start":{"line":342,"column":44},"end":{"line":342,"column":97}},"type":"binary-expr","locations":[{"start":{"line":342,"column":44},"end":{"line":342,"column":71}},{"start":{"line":342,"column":75},"end":{"line":342,"column":97}}],"line":342},"29":{"loc":{"start":{"line":345,"column":44},"end":{"line":345,"column":97}},"type":"binary-expr","locations":[{"start":{"line":345,"column":44},"end":{"line":345,"column":71}},{"start":{"line":345,"column":75},"end":{"line":345,"column":97}}],"line":345},"30":{"loc":{"start":{"line":348,"column":44},"end":{"line":348,"column":100}},"type":"binary-expr","locations":[{"start":{"line":348,"column":44},"end":{"line":348,"column":74}},{"start":{"line":348,"column":78},"end":{"line":348,"column":100}}],"line":348}},"s":{"0":1,"1":1,"2":1,"3":0,"4":0,"5":0,"6":0,"7":0,"8":0,"9":0,"10":0,"11":0,"12":0,"13":0,"14":0,"15":0,"16":0,"17":1,"18":1,"19":1,"20":1,"21":1,"22":1,"23":1,"24":1,"25":1,"26":1,"27":1,"28":1,"29":1,"30":1,"31":0,"32":0,"33":1,"34":1,"35":1,"36":1,"37":0,"38":0,"39":0,"40":1,"41":0,"42":0,"43":1,"44":1,"45":0,"46":1,"47":1,"48":1,"49":1,"50":1,"51":0,"52":0,"53":0,"54":1,"55":0,"56":0,"57":0,"58":0,"59":0,"60":0,"61":0,"62":0,"63":0,"64":0,"65":0,"66":0,"67":0,"68":0,"69":1,"70":0,"71":0,"72":0,"73":0,"74":0,"75":0,"76":0,"77":1,"78":0,"79":0,"80":0,"81":0,"82":0,"83":1,"84":0,"85":0,"86":1,"87":16,"88":0,"89":0,"90":0,"91":0,"92":0,"93":0,"94":0,"95":0,"96":0,"97":0,"98":0,"99":0,"100":0,"101":0,"102":0,"103":0,"104":0,"105":0,"106":0,"107":0,"108":0,"109":0,"110":0,"111":0,"112":0,"113":1},"f":{"0":0,"1":1,"2":0,"3":1,"4":1,"5":0,"6":0,"7":1,"8":1,"9":0,"10":0,"11":0,"12":0,"13":0,"14":0,"15":0,"16":0,"17":0,"18":0,"19":0,"20":16,"21":0,"22":0,"23":0,"24":0,"25":0,"26":0,"27":0,"28":0,"29":0,"30":0,"31":0,"32":0,"33":0,"34":0,"35":0,"36":0,"37":0,"38":0,"39":0},"b":{"0":[0,0],"1":[0,0],"2":[0,0],"3":[0,0],"4":[0,0],"5":[0,0],"6":[0,0],"7":[1,0],"8":[0,1],"9":[0,0],"10":[0,0],"11":[0,1],"12":[0,0],"13":[0,0],"14":[0,0],"15":[0,0],"16":[0,0],"17":[16,0],"18":[0,0],"19":[0,0],"20":[1,1],"21":[1,0],"22":[1,0],"23":[1,0],"24":[1,1],"25":[1,0],"26":[1,0],"27":[1,1],"28":[1,0],"29":[1,0],"30":[1,0]},"_coverageSchema":"1a1c01bbd47fc00a2c39e90264f33305004495a9","hash":"1e7718c290d8567547f77f73d48f6ee4abedf753"}
,"C:\\Users\\nitta\\Claude\\Projects\\【ナビ】 特定情報誘導型・高性能ナビ（Googleマップ連携）\\Taxi_Nav_Expo\\src\\screens\\SettingsScreen.tsx": {"path":"C:\\Users\\nitta\\Claude\\Projects\\【ナビ】 特定情報誘導型・高性能ナビ（Googleマップ連携）\\Taxi_Nav_Expo\\src\\screens\\SettingsScreen.tsx","statementMap":{"0":{"start":{"line":11,"column":30},"end":{"line":11,"column":43}},"1":{"start":{"line":12,"column":36},"end":{"line":12,"column":57}},"2":{"start":{"line":13,"column":36},"end":{"line":13,"column":58}},"3":{"start":{"line":14,"column":38},"end":{"line":14,"column":59}},"4":{"start":{"line":15,"column":38},"end":{"line":15,"column":60}},"5":{"start":{"line":16,"column":26},"end":{"line":16,"column":60}},"6":{"start":{"line":18,"column":28},"end":{"line":33,"column":3}},"7":{"start":{"line":19,"column":4},"end":{"line":32,"column":5}},"8":{"start":{"line":20,"column":23},"end":{"line":27,"column":8}},"9":{"start":{"line":28,"column":6},"end":{"line":28,"column":71}},"10":{"start":{"line":30,"column":6},"end":{"line":30,"column":53}},"11":{"start":{"line":31,"column":6},"end":{"line":31,"column":27}},"12":{"start":{"line":35,"column":2},"end":{"line":101,"column":4}},"13":{"start":{"line":104,"column":15},"end":{"line":127,"column":2}}},"fnMap":{"0":{"name":"SettingsScreen","decl":{"start":{"line":10,"column":24},"end":{"line":10,"column":38}},"loc":{"start":{"line":10,"column":41},"end":{"line":102,"column":1}},"line":10},"1":{"name":"(anonymous_1)","decl":{"start":{"line":18,"column":28},"end":{"line":18,"column":29}},"loc":{"start":{"line":18,"column":40},"end":{"line":33,"column":3}},"line":18}},"branchMap":{},"s":{"0":3,"1":3,"2":3,"3":3,"4":3,"5":3,"6":3,"7":2,"8":2,"9":1,"10":1,"11":1,"12":3,"13":1},"f":{"0":3,"1":2},"b":{},"_coverageSchema":"1a1c01bbd47fc00a2c39e90264f33305004495a9","hash":"4cf139a14232f75db72f262f8ca60da0dfb57e62"}
,"C:\\Users\\nitta\\Claude\\Projects\\【ナビ】 特定情報誘導型・高性能ナビ（Googleマップ連携）\\Taxi_Nav_Expo\\src\\screens\\StationDemandScreen.tsx": {"path":"C:\\Users\\nitta\\Claude\\Projects\\【ナビ】 特定情報誘導型・高性能ナビ（Googleマップ連携）\\Taxi_Nav_Expo\\src\\screens\\StationDemandScreen.tsx","statementMap":{"0":{"start":{"line":24,"column":23},"end":{"line":29,"column":1}},"1":{"start":{"line":25,"column":2},"end":{"line":25,"column":37}},"2":{"start":{"line":25,"column":20},"end":{"line":25,"column":37}},"3":{"start":{"line":26,"column":2},"end":{"line":26,"column":37}},"4":{"start":{"line":26,"column":20},"end":{"line":26,"column":37}},"5":{"start":{"line":27,"column":2},"end":{"line":27,"column":37}},"6":{"start":{"line":27,"column":20},"end":{"line":27,"column":37}},"7":{"start":{"line":28,"column":2},"end":{"line":28,"column":19}},"8":{"start":{"line":34,"column":26},"end":{"line":45,"column":1}},"9":{"start":{"line":35,"column":2},"end":{"line":44,"column":3}},"10":{"start":{"line":37,"column":6},"end":{"line":37,"column":20}},"11":{"start":{"line":39,"column":6},"end":{"line":39,"column":20}},"12":{"start":{"line":41,"column":6},"end":{"line":41,"column":20}},"13":{"start":{"line":43,"column":6},"end":{"line":43,"column":19}},"14":{"start":{"line":50,"column":21},"end":{"line":61,"column":1}},"15":{"start":{"line":51,"column":2},"end":{"line":60,"column":3}},"16":{"start":{"line":53,"column":6},"end":{"line":53,"column":18}},"17":{"start":{"line":55,"column":6},"end":{"line":55,"column":18}},"18":{"start":{"line":57,"column":6},"end":{"line":57,"column":18}},"19":{"start":{"line":59,"column":6},"end":{"line":59,"column":17}},"20":{"start":{"line":70,"column":48},"end":{"line":109,"column":2}},"21":{"start":{"line":71,"column":22},"end":{"line":71,"column":61}},"22":{"start":{"line":72,"column":28},"end":{"line":72,"column":64}},"23":{"start":{"line":74,"column":2},"end":{"line":108,"column":4}},"24":{"start":{"line":119,"column":52},"end":{"line":135,"column":1}},"25":{"start":{"line":120,"column":2},"end":{"line":134,"column":9}},"26":{"start":{"line":140,"column":45},"end":{"line":243,"column":1}},"27":{"start":{"line":141,"column":60},"end":{"line":141,"column":71}},"28":{"start":{"line":142,"column":38},"end":{"line":142,"column":53}},"29":{"start":{"line":146,"column":29},"end":{"line":146,"column":90}},"30":{"start":{"line":151,"column":2},"end":{"line":154,"column":24}},"31":{"start":{"line":153,"column":4},"end":{"line":153,"column":26}},"32":{"start":{"line":159,"column":2},"end":{"line":171,"column":30}},"33":{"start":{"line":160,"column":20},"end":{"line":160,"column":24}},"34":{"start":{"line":161,"column":28},"end":{"line":167,"column":5}},"35":{"start":{"line":162,"column":6},"end":{"line":166,"column":7}},"36":{"start":{"line":163,"column":8},"end":{"line":163,"column":56}},"37":{"start":{"line":165,"column":8},"end":{"line":165,"column":67}},"38":{"start":{"line":169,"column":4},"end":{"line":169,"column":22}},"39":{"start":{"line":170,"column":4},"end":{"line":170,"column":40}},"40":{"start":{"line":170,"column":19},"end":{"line":170,"column":37}},"41":{"start":{"line":176,"column":20},"end":{"line":183,"column":29}},"42":{"start":{"line":177,"column":4},"end":{"line":177,"column":24}},"43":{"start":{"line":178,"column":4},"end":{"line":182,"column":5}},"44":{"start":{"line":179,"column":6},"end":{"line":179,"column":54}},"45":{"start":{"line":181,"column":6},"end":{"line":181,"column":27}},"46":{"start":{"line":188,"column":59},"end":{"line":190,"column":8}},"47":{"start":{"line":189,"column":4},"end":{"line":189,"column":34}},"48":{"start":{"line":193,"column":22},"end":{"line":193,"column":90}},"49":{"start":{"line":193,"column":36},"end":{"line":193,"column":71}},"50":{"start":{"line":195,"column":2},"end":{"line":242,"column":4}},"51":{"start":{"line":230,"column":34},"end":{"line":230,"column":59}},"52":{"start":{"line":248,"column":15},"end":{"line":387,"column":2}}},"fnMap":{"0":{"name":"(anonymous_0)","decl":{"start":{"line":24,"column":23},"end":{"line":24,"column":24}},"loc":{"start":{"line":24,"column":51},"end":{"line":29,"column":1}},"line":24},"1":{"name":"(anonymous_1)","decl":{"start":{"line":34,"column":26},"end":{"line":34,"column":27}},"loc":{"start":{"line":34,"column":57},"end":{"line":45,"column":1}},"line":34},"2":{"name":"(anonymous_2)","decl":{"start":{"line":50,"column":21},"end":{"line":50,"column":22}},"loc":{"start":{"line":50,"column":48},"end":{"line":61,"column":1}},"line":50},"3":{"name":"(anonymous_3)","decl":{"start":{"line":70,"column":59},"end":{"line":70,"column":60}},"loc":{"start":{"line":70,"column":76},"end":{"line":109,"column":1}},"line":70},"4":{"name":"(anonymous_4)","decl":{"start":{"line":119,"column":52},"end":{"line":119,"column":53}},"loc":{"start":{"line":120,"column":2},"end":{"line":134,"column":9}},"line":120},"5":{"name":"(anonymous_5)","decl":{"start":{"line":140,"column":45},"end":{"line":140,"column":46}},"loc":{"start":{"line":140,"column":51},"end":{"line":243,"column":1}},"line":140},"6":{"name":"(anonymous_6)","decl":{"start":{"line":151,"column":12},"end":{"line":151,"column":13}},"loc":{"start":{"line":151,"column":18},"end":{"line":154,"column":3}},"line":151},"7":{"name":"(anonymous_7)","decl":{"start":{"line":159,"column":12},"end":{"line":159,"column":13}},"loc":{"start":{"line":159,"column":18},"end":{"line":171,"column":3}},"line":159},"8":{"name":"(anonymous_8)","decl":{"start":{"line":161,"column":28},"end":{"line":161,"column":29}},"loc":{"start":{"line":161,"column":40},"end":{"line":167,"column":5}},"line":161},"9":{"name":"(anonymous_9)","decl":{"start":{"line":170,"column":11},"end":{"line":170,"column":12}},"loc":{"start":{"line":170,"column":17},"end":{"line":170,"column":39}},"line":170},"10":{"name":"(anonymous_10)","decl":{"start":{"line":176,"column":32},"end":{"line":176,"column":33}},"loc":{"start":{"line":176,"column":44},"end":{"line":183,"column":3}},"line":176},"11":{"name":"(anonymous_11)","decl":{"start":{"line":188,"column":71},"end":{"line":188,"column":72}},"loc":{"start":{"line":189,"column":4},"end":{"line":189,"column":34}},"line":189},"12":{"name":"(anonymous_12)","decl":{"start":{"line":193,"column":30},"end":{"line":193,"column":31}},"loc":{"start":{"line":193,"column":36},"end":{"line":193,"column":71}},"line":193},"13":{"name":"(anonymous_13)","decl":{"start":{"line":230,"column":24},"end":{"line":230,"column":25}},"loc":{"start":{"line":230,"column":34},"end":{"line":230,"column":59}},"line":230}},"branchMap":{"0":{"loc":{"start":{"line":25,"column":2},"end":{"line":25,"column":37}},"type":"if","locations":[{"start":{"line":25,"column":2},"end":{"line":25,"column":37}},{"start":{},"end":{}}],"line":25},"1":{"loc":{"start":{"line":26,"column":2},"end":{"line":26,"column":37}},"type":"if","locations":[{"start":{"line":26,"column":2},"end":{"line":26,"column":37}},{"start":{},"end":{}}],"line":26},"2":{"loc":{"start":{"line":27,"column":2},"end":{"line":27,"column":37}},"type":"if","locations":[{"start":{"line":27,"column":2},"end":{"line":27,"column":37}},{"start":{},"end":{}}],"line":27},"3":{"loc":{"start":{"line":35,"column":2},"end":{"line":44,"column":3}},"type":"switch","locations":[{"start":{"line":36,"column":4},"end":{"line":37,"column":20}},{"start":{"line":38,"column":4},"end":{"line":39,"column":20}},{"start":{"line":40,"column":4},"end":{"line":41,"column":20}},{"start":{"line":42,"column":4},"end":{"line":43,"column":19}}],"line":35},"4":{"loc":{"start":{"line":51,"column":2},"end":{"line":60,"column":3}},"type":"switch","locations":[{"start":{"line":52,"column":4},"end":{"line":53,"column":18}},{"start":{"line":54,"column":4},"end":{"line":55,"column":18}},{"start":{"line":56,"column":4},"end":{"line":57,"column":18}},{"start":{"line":58,"column":4},"end":{"line":59,"column":17}}],"line":51},"5":{"loc":{"start":{"line":123,"column":6},"end":{"line":123,"column":65}},"type":"cond-expr","locations":[{"start":{"line":123,"column":25},"end":{"line":123,"column":44}},{"start":{"line":123,"column":47},"end":{"line":123,"column":65}}],"line":123},"6":{"loc":{"start":{"line":129,"column":8},"end":{"line":129,"column":61}},"type":"cond-expr","locations":[{"start":{"line":129,"column":27},"end":{"line":129,"column":43}},{"start":{"line":129,"column":46},"end":{"line":129,"column":61}}],"line":129},"7":{"loc":{"start":{"line":199,"column":9},"end":{"line":203,"column":9}},"type":"cond-expr","locations":[{"start":{"line":200,"column":10},"end":{"line":200,"column":58}},{"start":{"line":202,"column":10},"end":{"line":202,"column":59}}],"line":199},"8":{"loc":{"start":{"line":206,"column":7},"end":{"line":211,"column":7}},"type":"binary-expr","locations":[{"start":{"line":206,"column":7},"end":{"line":206,"column":18}},{"start":{"line":207,"column":8},"end":{"line":210,"column":10}}],"line":206},"9":{"loc":{"start":{"line":213,"column":7},"end":{"line":240,"column":7}},"type":"cond-expr","locations":[{"start":{"line":214,"column":8},"end":{"line":217,"column":15}},{"start":{"line":218,"column":10},"end":{"line":240,"column":7}}],"line":213},"10":{"loc":{"start":{"line":213,"column":7},"end":{"line":213,"column":48}},"type":"binary-expr","locations":[{"start":{"line":213,"column":7},"end":{"line":213,"column":20}},{"start":{"line":213,"column":24},"end":{"line":213,"column":48}}],"line":213},"11":{"loc":{"start":{"line":218,"column":10},"end":{"line":240,"column":7}},"type":"cond-expr","locations":[{"start":{"line":219,"column":8},"end":{"line":225,"column":15}},{"start":{"line":227,"column":8},"end":{"line":239,"column":10}}],"line":218}},"s":{"0":1,"1":19,"2":7,"3":12,"4":6,"5":6,"6":0,"7":6,"8":1,"9":19,"10":7,"11":6,"12":6,"13":0,"14":1,"15":19,"16":7,"17":6,"18":6,"19":0,"20":1,"21":19,"22":19,"23":19,"24":1,"25":13,"26":1,"27":29,"28":29,"29":29,"30":29,"31":10,"32":29,"33":10,"34":10,"35":10,"36":10,"37":0,"38":10,"39":10,"40":10,"41":29,"42":0,"43":0,"44":0,"45":0,"46":29,"47":19,"48":29,"49":18,"50":29,"51":26,"52":1},"f":{"0":19,"1":19,"2":19,"3":19,"4":13,"5":29,"6":10,"7":10,"8":10,"9":10,"10":0,"11":19,"12":18,"13":26},"b":{"0":[7,12],"1":[6,6],"2":[0,6],"3":[7,6,6,0],"4":[7,6,6,0],"5":[0,13],"6":[0,13],"7":[29,0],"8":[29,1],"9":[10,19],"10":[29,10],"11":[12,7]},"_coverageSchema":"1a1c01bbd47fc00a2c39e90264f33305004495a9","hash":"6a6197809ce9a8b8c6a9516639ccfa287e0e398d"}
[...]
rvices\\LocationService.ts","statementMap":{"0":{"start":{"line":9,"column":29},"end":{"line":9,"column":34}},"1":{"start":{"line":10,"column":71},"end":{"line":10,"column":75}},"2":{"start":{"line":11,"column":39},"end":{"line":11,"column":44}},"3":{"start":{"line":18,"column":4},"end":{"line":28,"column":5}},"4":{"start":{"line":19,"column":43},"end":{"line":19,"column":93}},"5":{"start":{"line":20,"column":6},"end":{"line":23,"column":7}},"6":{"start":{"line":21,"column":8},"end":{"line":21,"column":64}},"7":{"start":{"line":22,"column":8},"end":{"line":22,"column":21}},"8":{"start":{"line":24,"column":6},"end":{"line":24,"column":18}},"9":{"start":{"line":26,"column":6},"end":{"line":26,"column":68}},"10":{"start":{"line":27,"column":6},"end":{"line":27,"column":19}},"11":{"start":{"line":36,"column":4},"end":{"line":51,"column":5}},"12":{"start":{"line":37,"column":28},"end":{"line":37,"column":64}},"13":{"start":{"line":38,"column":6},"end":{"line":38,"column":38}},"14":{"start":{"line":38,"column":26},"end":{"line":38,"column":38}},"15":{"start":{"line":40,"column":23},"end":{"line":42,"column":8}},"16":{"start":{"line":44,"column":6},"end":{"line":47,"column":8}},"17":{"start":{"line":49,"column":6},"end":{"line":49,"column":62}},"18":{"start":{"line":50,"column":6},"end":{"line":50,"column":18}},"19":{"start":{"line":63,"column":4},"end":{"line":94,"column":5}},"20":{"start":{"line":64,"column":6},"end":{"line":67,"column":7}},"21":{"start":{"line":65,"column":8},"end":{"line":65,"column":62}},"22":{"start":{"line":66,"column":8},"end":{"line":66,"column":20}},"23":{"start":{"line":69,"column":28},"end":{"line":69,"column":64}},"24":{"start":{"line":70,"column":6},"end":{"line":70,"column":39}},"25":{"start":{"line":70,"column":26},"end":{"line":70,"column":39}},"26":{"start":{"line":72,"column":6},"end":{"line":72,"column":45}},"27":{"start":{"line":74,"column":6},"end":{"line":86,"column":8}},"28":{"start":{"line":81,"column":10},"end":{"line":84,"column":13}},"29":{"start":{"line":88,"column":6},"end":{"line":88,"column":68}},"30":{"start":{"line":89,"column":6},"end":{"line":89,"column":18}},"31":{"start":{"line":91,"column":6},"end":{"line":91,"column":63}},"32":{"start":{"line":92,"column":6},"end":{"line":92,"column":46}},"33":{"start":{"line":93,"column":6},"end":{"line":93,"column":19}},"34":{"start":{"line":101,"column":4},"end":{"line":104,"column":5}},"35":{"start":{"line":102,"column":6},"end":{"line":102,"column":41}},"36":{"start":{"line":103,"column":6},"end":{"line":103,"column":39}},"37":{"start":{"line":105,"column":4},"end":{"line":105,"column":44}},"38":{"start":{"line":106,"column":4},"end":{"line":106,"column":44}},"39":{"start":{"line":113,"column":4},"end":{"line":113,"column":43}},"40":{"start":{"line":118,"column":31},"end":{"line":118,"column":52}}},"fnMap":{"0":{"name":"(anonymous_0)","decl":{"start":{"line":17,"column":2},"end":{"line":17,"column":3}},"loc":{"start":{"line":17,"column":52},"end":{"line":29,"column":3}},"line":17},"1":{"name":"(anonymous_1)","decl":{"start":{"line":35,"column":2},"end":{"line":35,"column":3}},"loc":{"start":{"line":35,"column":64},"end":{"line":52,"column":3}},"line":35},"2":{"name":"(anonymous_2)","decl":{"start":{"line":59,"column":2},"end":{"line":59,"column":3}},"loc":{"start":{"line":62,"column":22},"end":{"line":95,"column":3}},"line":62},"3":{"name":"(anonymous_3)","decl":{"start":{"line":80,"column":8},"end":{"line":80,"column":9}},"loc":{"start":{"line":80,"column":22},"end":{"line":85,"column":9}},"line":80},"4":{"name":"(anonymous_4)","decl":{"start":{"line":100,"column":2},"end":{"line":100,"column":3}},"loc":{"start":{"line":100,"column":30},"end":{"line":107,"column":3}},"line":100},"5":{"name":"(anonymous_5)","decl":{"start":{"line":112,"column":2},"end":{"line":112,"column":3}},"loc":{"start":{"line":112,"column":30},"end":{"line":114,"column":3}},"line":112}},"branchMap":{"0":{"loc":{"start":{"line":20,"column":6},"end":{"line":23,"column":7}},"type":"if","locations":[{"start":{"line":20,"column":6},"end":{"line":23,"column":7}},{"start":{},"end":{}}],"line":20},"1":{"loc":{"start":{"line":38,"column":6},"end":{"line":38,"column":38}},"type":"if","locations":[{"start":{"line":38,"column":6},"end":{"line":38,"column":38}},{"start":{},"end":{}}],"line":38},"2":{"loc":{"start":{"line":61,"column":4},"end":{"line":61,"column":46}},"type":"default-arg","locations":[{"start":{"line":61,"column":25},"end":{"line":61,"column":46}}],"line":61},"3":{"loc":{"start":{"line":64,"column":6},"end":{"line":67,"column":7}},"type":"if","locations":[{"start":{"line":64,"column":6},"end":{"line":67,"column":7}},{"start":{},"end":{}}],"line":64},"4":{"loc":{"start":{"line":70,"column":6},"end":{"line":70,"column":39}},"type":"if","locations":[{"start":{"line":70,"column":6},"end":{"line":70,"column":39}},{"start":{},"end":{}}],"line":70},"5":{"loc":{"start":{"line":101,"column":4},"end":{"line":104,"column":5}},"type":"if","locations":[{"start":{"line":101,"column":4},"end":{"line":104,"column":5}},{"start":{},"end":{}}],"line":101}},"s":{"0":2,"1":2,"2":2,"3":9,"4":9,"5":7,"6":2,"7":2,"8":5,"9":2,"10":2,"11":3,"12":3,"13":3,"14":2,"15":1,"16":1,"17":0,"18":0,"19":5,"20":5,"21":1,"22":1,"23":4,"24":4,"25":1,"26":3,"27":3,"28":1,"29":3,"30":3,"31":0,"32":0,"33":0,"34":9,"35":3,"36":3,"37":9,"38":9,"39":3,"40":2},"f":{"0":9,"1":3,"2":5,"3":1,"4":9,"5":3},"b":{"0":[2,5],"1":[2,1],"2":[4],"3":[1,4],"4":[1,3],"5":[3,6]},"_coverageSchema":"1a1c01bbd47fc00a2c39e90264f33305004495a9","hash":"8a1144f2a59d0287fe9fd92bfec633a942f3f07e"}
,"C:\\Users\\nitta\\Claude\\Projects\\【ナビ】 特定情報誘導型・高性能ナビ（Googleマップ連携）\\Taxi_Nav_Expo\\src\\services\\NotificationEngine.ts": {"path":"C:\\Users\\nitta\\Claude\\Projects\\【ナビ】 特定情報誘導型・高性能ナビ（Googleマップ連携）\\Taxi_Nav_Expo\\src\\services\\NotificationEngine.ts","statementMap":{"0":{"start":{"line":5,"column":0},"end":{"line":13,"column":3}},"1":{"start":{"line":6,"column":35},"end":{"line":12,"column":3}},"2":{"start":{"line":19,"column":12},"end":{"line":19,"column":16}},"3":{"start":{"line":20,"column":15},"end":{"line":20,"column":46}},"4":{"start":{"line":21,"column":15},"end":{"line":21,"column":46}},"5":{"start":{"line":23,"column":4},"end":{"line":27,"column":24}},"6":{"start":{"line":28,"column":12},"end":{"line":28,"column":58}},"7":{"start":{"line":29,"column":2},"end":{"line":29,"column":15}},"8":{"start":{"line":33,"column":46},"end":{"line":33,"column":55}},"9":{"start":{"line":34,"column":35},"end":{"line":34,"column":49}},"10":{"start":{"line":40,"column":39},"end":{"line":40,"column":80}},"11":{"start":{"line":41,"column":22},"end":{"line":41,"column":36}},"12":{"start":{"line":43,"column":4},"end":{"line":46,"column":5}},"13":{"start":{"line":44,"column":25},"end":{"line":44,"column":70}},"14":{"start":{"line":45,"column":6},"end":{"line":45,"column":27}},"15":{"start":{"line":48,"column":4},"end":{"line":48,"column":37}},"16":{"start":{"line":60,"column":4},"end":{"line":60,"column":30}},"17":{"start":{"line":60,"column":23},"end":{"line":60,"column":30}},"18":{"start":{"line":62,"column":26},"end":{"line":62,"column":57}},"19":{"start":{"line":63,"column":4},"end":{"line":66,"column":5}},"20":{"start":{"line":64,"column":6},"end":{"line":64,"column":57}},"21":{"start":{"line":65,"column":6},"end":{"line":65,"column":13}},"22":{"start":{"line":68,"column":16},"end":{"line":68,"column":26}},"23":{"start":{"line":70,"column":4},"end":{"line":105,"column":5}},"24":{"start":{"line":72,"column":6},"end":{"line":72,"column":48}},"25":{"start":{"line":72,"column":39},"end":{"line":72,"column":48}},"26":{"start":{"line":73,"column":6},"end":{"line":73,"column":48}},"27":{"start":{"line":73,"column":39},"end":{"line":73,"column":48}},"28":{"start":{"line":75,"column":22},"end":{"line":75,"column":67}},"29":{"start":{"line":75,"column":41},"end":{"line":75,"column":66}},"30":{"start":{"line":76,"column":6},"end":{"line":76,"column":29}},"31":{"start":{"line":76,"column":20},"end":{"line":76,"column":29}},"32":{"start":{"line":78,"column":23},"end":{"line":83,"column":7}},"33":{"start":{"line":86,"column":6},"end":{"line":104,"column":7}},"34":{"start":{"line":88,"column":8},"end":{"line":90,"column":9}},"35":{"start":{"line":89,"column":10},"end":{"line":89,"column":19}},"36":{"start":{"line":93,"column":8},"end":{"line":96,"column":10}},"37":{"start":{"line":98,"column":8},"end":{"line":98,"column":50}},"38":{"start":{"line":101,"column":8},"end":{"line":103,"column":40}},"39":{"start":{"line":102,"column":10},"end":{"line":102,"column":55}},"40":{"start":{"line":112,"column":4},"end":{"line":119,"column":7}},"41":{"start":{"line":123,"column":34},"end":{"line":123,"column":58}}},"fnMap":{"0":{"name":"(anonymous_0)","decl":{"start":{"line":6,"column":22},"end":{"line":6,"column":23}},"loc":{"start":{"line":6,"column":35},"end":{"line":12,"column":3}},"line":6},"1":{"name":"calculateDistanceKm","decl":{"start":{"line":18,"column":9},"end":{"line":18,"column":28}},"loc":{"start":{"line":18,"column":93},"end":{"line":30,"column":1}},"line":18},"2":{"name":"(anonymous_2)","decl":{"start":{"line":39,"column":2},"end":{"line":39,"column":3}},"loc":{"start":{"line":39,"column":47},"end":{"line":49,"column":3}},"line":39},"3":{"name":"(anonymous_3)","decl":{"start":{"line":54,"column":2},"end":{"line":54,"column":3}},"loc":{"start":{"line":59,"column":19},"end":{"line":106,"column":3}},"line":59},"4":{"name":"(anonymous_4)","decl":{"start":{"line":75,"column":36},"end":{"line":75,"column":37}},"loc":{"start":{"line":75,"column":41},"end":{"line":75,"column":66}},"line":75},"5":{"name":"(anonymous_5)","decl":{"start":{"line":101,"column":19},"end":{"line":101,"column":20}},"loc":{"start":{"line":101,"column":25},"end":{"line":103,"column":9}},"line":101},"6":{"name":"(anonymous_6)","decl":{"start":{"line":111,"column":2},"end":{"line":111,"column":3}},"loc":{"start":{"line":111,"column":77},"end":{"line":120,"column":3}},"line":111}},"branchMap":{"0":{"loc":{"start":{"line":43,"column":4},"end":{"line":46,"column":5}},"type":"if","locations":[{"start":{"line":43,"column":4},"end":{"line":46,"column":5}},{"start":{},"end":{}}],"line":43},"1":{"loc":{"start":{"line":60,"column":4},"end":{"line":60,"column":30}},"type":"if","locations":[{"start":{"line":60,"column":4},"end":{"line":60,"column":30}},{"start":{},"end":{}}],"line":60},"2":{"loc":{"start":{"line":63,"column":4},"end":{"line":66,"column":5}},"type":"if","locations":[{"start":{"line":63,"column":4},"end":{"line":66,"column":5}},{"start":{},"end":{}}],"line":63},"3":{"loc":{"start":{"line":72,"column":6},"end":{"line":72,"column":48}},"type":"if","locations":[{"start":{"line":72,"column":6},"end":{"line":72,"column":48}},{"start":{},"end":{}}],"line":72},"4":{"loc":{"start":{"line":73,"column":6},"end":{"line":73,"column":48}},"type":"if","locations":[{"start":{"line":73,"column":6},"end":{"line":73,"column":48}},{"start":{},"end":{}}],"line":73},"5":{"loc":{"start":{"line":76,"column":6},"end":{"line":76,"column":29}},"type":"if","locations":[{"start":{"line":76,"column":6},"end":{"line":76,"column":29}},{"start":{},"end":{}}],"line":76},"6":{"loc":{"start":{"line":86,"column":6},"end":{"line":104,"column":7}},"type":"if","locations":[{"start":{"line":86,"column":6},"end":{"line":104,"column":7}},{"start":{},"end":{}}],"line":86},"7":{"loc":{"start":{"line":88,"column":8},"end":{"line":90,"column":9}},"type":"if","locations":[{"start":{"line":88,"column":8},"end":{"line":90,"column":9}},{"start":{},"end":{}}],"line":88}},"s":{"0":1,"1":0,"2":1,"3":1,"4":1,"5":1,"6":1,"7":1,"8":4,"9":4,"10":3,"11":3,"12":3,"13":2,"14":2,"15":3,"16":2,"17":0,"18":2,"19":2,"20":1,"21":1,"22":1,"23":1,"24":1,"25":0,"26":1,"27":0,"28":1,"29":1,"30":1,"31":0,"32":1,"33":1,"34":1,"35":0,"36":1,"37":1,"38":1,"39":0,"40":1,"41":1},"f":{"0":0,"1":1,"2":3,"3":2,"4":1,"5":0,"6":1},"b":{"0":[2,1],"1":[0,2],"2":[1,1],"3":[0,1],"4":[0,1],"5":[0,1],"6":[1,0],"7":[0,1]},"_coverageSchema":"1a1c01bbd47fc00a2c39e90264f33305004495a9","hash":"219ae31e6e27e81247c9f258a05daef3664727ef"}
,"C:\\Users\\nitta\\Claude\\Projects\\【ナビ】 特定情報誘導型・高性能ナビ（Googleマップ連携）\\Taxi_Nav_Expo\\src\\state\\demandStore.tsx": {"path":"C:\\Users\\nitta\\Claude\\Projects\\【ナビ】 特定情報誘導型・高性能ナビ（Googleマップ連携）\\Taxi_Nav_Expo\\src\\state\\demandStore.tsx","statementMap":{"0":{"start":{"line":41,"column":34},"end":{"line":47,"column":1}},"1":{"start":{"line":52,"column":29},"end":{"line":104,"column":1}},"2":{"start":{"line":56,"column":2},"end":{"line":103,"column":3}},"3":{"start":{"line":58,"column":6},"end":{"line":61,"column":8}},"4":{"start":{"line":64,"column":6},"end":{"line":68,"column":8}},"5":{"start":{"line":71,"column":21},"end":{"line":71,"column":53}},"6":{"start":{"line":72,"column":6},"end":{"line":74,"column":9}},"7":{"start":{"line":73,"column":8},"end":{"line":73,"column":47}},"8":{"start":{"line":75,"column":6},"end":{"line":81,"column":8}},"9":{"start":{"line":84,"column":25},"end":{"line":84,"column":48}},"10":{"start":{"line":85,"column":6},"end":{"line":85,"column":63}},"11":{"start":{"line":86,"column":6},"end":{"line":90,"column":8}},"12":{"start":{"line":93,"column":6},"end":{"line":96,"column":8}},"13":{"start":{"line":99,"column":6},"end":{"line":99,"column":26}},"14":{"start":{"line":102,"column":6},"end":{"line":102,"column":19}},"15":{"start":{"line":126,"column":29},"end":{"line":128,"column":1}},"16":{"start":{"line":133,"column":65},"end":{"line":251,"column":1}},"17":{"start":{"line":136,"column":28},"end":{"line":136,"column":67}},"18":{"start":{"line":141,"column":29},"end":{"line":168,"column":3}},"19":{"start":{"line":144,"column":21},"end":{"line":144,"column":50}},"20":{"start":{"line":145,"column":6},"end":{"line":150,"column":7}},"21":{"start":{"line":149,"column":8},"end":{"line":149,"column":22}},"22":{"start":{"line":152,"column":6},"end":{"line":152,"column":55}},"23":{"start":{"line":154,"column":6},"end":{"line":165,"column":7}},"24":{"start":{"line":155,"column":23},"end":{"line":155,"column":74}},"25":{"start":{"line":156,"column":8},"end":{"line":156,"column":59}},"26":{"start":{"line":157,"column":8},"end":{"line":157,"column":22}},"27":{"start":{"line":159,"column":25},"end":{"line":159,"column":46}},"28":{"start":{"line":160,"column":8},"end":{"line":163,"column":11}},"29":{"start":{"line":164,"column":8},"end":{"line":164,"column":20}},"30":{"start":{"line":173,"column":32},"end":{"line":193,"column":3}},"31":{"start":{"line":175,"column":6},"end":{"line":175,"column":55}},"32":{"start":{"line":177,"column":6},"end":{"line":190,"column":7}},"33":{"start":{"line":178,"column":24},"end":{"line":180,"column":9}},"34":{"start":{"line":181,"column":8},"end":{"line":181,"column":61}},"35":{"start":{"line":182,"column":8},"end":{"line":182,"column":23}},"36":{"start":{"line":184,"column":25},"end":{"line":184,"column":46}},"37":{"start":{"line":185,"column":8},"end":{"line":188,"column":11}},"38":{"start":{"line":189,"column":8},"end":{"line":189,"column":20}},"39":{"start":{"line":198,"column":30},"end":{"line":221,"column":3}},"40":{"start":{"line":205,"column":6},"end":{"line":205,"column":55}},"41":{"start":{"line":207,"column":6},"end":{"line":218,"column":7}},"42":{"start":{"line":208,"column":24},"end":{"line":208,"column":73}},"43":{"start":{"line":209,"column":8},"end":{"line":209,"column":61}},"44":{"start":{"line":210,"column":8},"end":{"line":210,"column":23}},"45":{"start":{"line":212,"column":25},"end":{"line":212,"column":46}},"46":{"start":{"line":213,"column":8},"end":{"line":216,"column":11}},"47":{"start":{"line":217,"column":8},"end":{"line":217,"column":20}},"48":{"start":{"line":226,"column":21},"end":{"line":228,"column":8}},"49":{"start":{"line":227,"column":4},"end":{"line":227,"column":38}},"50":{"start":{"line":233,"column":26},"end":{"line":235,"column":8}},"51":{"start":{"line":234,"column":4},"end":{"line":234,"column":66}},"52":{"start":{"line":237,"column":36},"end":{"line":244,"column":3}},"53":{"start":{"line":246,"column":2},"end":{"line":250,"column":4}},"54":{"start":{"line":257,"column":25},"end":{"line":263,"column":1}},"55":{"start":{"line":258,"column":18},"end":{"line":258,"column":49}},"56":{"start":{"line":259,"column":2},"end":{"line":261,"column":3}},"57":{"start":{"line":260,"column":4},"end":{"line":260,"column":68}},"58":{"start":{"line":262,"column":2},"end":{"line":262,"column":17}}},"fnMap":{"0":{"name":"(anonymous_0)","decl":{"start":{"line":52,"column":29},"end":{"line":52,"column":30}},"loc":{"start":{"line":55,"column":18},"end":{"line":104,"column":1}},"line":55},"1":{"name":"(anonymous_1)","decl":{"start":{"line":72,"column":29},"end":{"line":72,"column":30}},"loc":{"start":{"line":72,"column":42},"end":{"line":74,"column":7}},"line":72},"2":{"name":"(anonymous_2)","decl":{"start":{"line":133,"column":65},"end":{"line":133,"column":66}},"loc":{"start":{"line":135,"column":6},"end":{"line":251,"column":1}},"line":135},"3":{"name":"(anonymous_3)","decl":{"start":{"line":142,"column":4},"end":{"line":142,"column":5}},"loc":{"start":{"line":142,"column":64},"end":{"line":166,"column":5}},"line":142},"4":{"name":"(anonymous_4)","decl":{"start":{"line":174,"column":4},"end":{"line":174,"column":5}},"loc":{"start":{"line":174,"column":69},"end":{"line":191,"column":5}},"line":174},"5":{"name":"(anonymous_5)","decl":{"start":{"line":199,"column":4},"end":{"line":199,"column":5}},"loc":{"start":{"line":204,"column":43},"end":{"line":219,"column":5}},"line":204},"6":{"name":"(anonymous_6)","decl":{"start":{"line":226,"column":33},"end":{"line":226,"column":34}},"loc":{"start":{"line":226,"column":39},"end":{"line":228,"column":3}},"line":226},"7":{"name":"(anonymous_7)","decl":{"start":{"line":233,"column":38},"end":{"line":233,"column":39}},"loc":{"start":{"line":233,"column":61},"end":{"line":235,"column":3}},"line":233},"8":{"name":"(anonymous_8)","decl":{"start":{"line":257,"column":25},"end":{"line":257,"column":26}},"loc":{"start":{"line":257,"column":51},"end":{"line":263,"column":1}},"line":257}},"branchMap":{"0":{"loc":{"start":{"line":56,"column":2},"end":{"line":103,"column":3}},"type":"switch","locations":[{"start":{"line":57,"column":4},"end":{"line":61,"column":8}},{"start":{"line":63,"column":4},"end":{"line":68,"column":8}},{"start":{"line":70,"column":4},"end":{"line":81,"column":8}},{"start":{"line":83,"column":4},"end":{"line":90,"column":8}},{"start":{"line":92,"column":4},"end":{"line":96,"column":8}},{"start":{"line":98,"column":4},"end":{"line":99,"column":26}},{"start":{"line":101,"column":4},"end":{"line":102,"column":19}}],"line":56},"1":{"loc":{"start":{"line":145,"column":6},"end":{"line":150,"column":7}},"type":"if","locations":[{"start":{"line":145,"column":6},"end":{"line":150,"column":7}},{"start":{},"end":{}}],"line":145},"2":{"loc":{"start":{"line":146,"column":8},"end":{"line":147,"column":53}},"type":"binary-expr","locations":[{"start":{"line":146,"column":8},"end":{"line":146,"column":14}},{"start":{"line":147,"column":8},"end":{"line":147,"column":53}}],"line":146},"3":{"loc":{"start":{"line":259,"column":2},"end":{"line":261,"column":3}},"type":"if","locations":[{"start":{"line":259,"column":2},"end":{"line":261,"column":3}},{"start":{},"end":{}}],"line":259}},"s":{"0":3,"1":3,"2":32,"3":11,"4":2,"5":8,"6":8,"7":19,"8":8,"9":1,"10":1,"11":1,"12":10,"13":0,"14":0,"15":3,"16":3,"17":29,"18":29,"19":0,"20":0,"21":0,"22":0,"23":0,"24":0,"25":0,"26":0,"27":0,"28":0,"29":0,"30":29,"31":10,"32":10,"33":10,"34":8,"35":8,"36":1,"37":1,"38":1,"39":29,"40":0,"41":0,"42":0,"43":0,"44":0,"45":0,"46":0,"47":0,"48":29,"49":0,"50":29,"51":10,"52":29,"53":29,"54":3,"55":30,"56":30,"57":0,"58":30},"f":{"0":32,"1":19,"2":29,"3":0,"4":10,"5":0,"6":0,"7":10,"8":30},"b":{"0":[11,2,8,1,10,0,0],"1":[0,0],"2":[0,0],"3":[0,30]},"_coverageSchema":"1a1c01bbd47fc00a2c39e90264f33305004495a9","hash":"78cb7203ce9b432b9239f2ccf5cc978f8cafc02a"}
}
