TN:
SF:src\app\_layout.tsx
FN:10,TabLayout
FN:28,(anonymous_1)
FN:35,(anonymous_2)
FN:42,(anonymous_3)
FNF:4
FNH:0
FNDA:0,TabLayout
FNDA:0,(anonymous_1)
FNDA:0,(anonymous_2)
FNDA:0,(anonymous_3)
DA:11,0
DA:12,0
DA:14,0
DA:28,0
DA:35,0
DA:42,0
LF:6
LH:0
BRDA:12,0,0,0
BRDA:12,0,1,0
BRF:2
BRH:0
end_of_record
TN:
SF:src\app\explore.tsx
FN:3,ExploreScreen
FNF:1
FNH:0
FNDA:0,ExploreScreen
DA:4,0
LF:1
LH:0
BRF:0
BRH:0
end_of_record
TN:
SF:src\app\index.tsx
FN:3,IndexScreen
FNF:1
FNH:0
FNDA:0,IndexScreen
DA:4,0
LF:1
LH:0
BRF:0
BRH:0
end_of_record
TN:
SF:src\app\settings.tsx
FN:3,SettingsTab
FNF:1
FNH:0
FNDA:0,SettingsTab
DA:4,0
LF:1
LH:0
BRF:0
BRH:0
end_of_record
TN:
SF:src\components\MapPin.tsx
FN:14,(anonymous_0)
FN:22,(anonymous_1)
FNF:2
FNH:1
FNDA:17,(anonymous_0)
FNDA:0,(anonymous_1)
DA:14,2
DA:22,17
DA:24,0
DA:25,0
DA:29,0
DA:31,0
DA:32,0
DA:33,0
DA:34,0
DA:37,0
DA:40,0
DA:44,17
DA:45,17
DA:47,17
DA:65,2
LF:15
LH:6
BRDA:19,0,0,1
BRDA:25,1,0,0
BRDA:25,1,1,0
BRDA:33,2,0,0
BRDA:33,2,1,0
BRDA:45,3,0,6
BRDA:45,3,1,11
BRDA:49,4,0,6
BRDA:49,4,1,11
BRDA:50,5,0,6
BRDA:50,5,1,11
BRF:11
BRH:7
end_of_record
TN:
SF:src\components\PinDropFAB.tsx
FN:23,(anonymous_0)
FN:41,(anonymous_1)
FN:47,(anonymous_2)
FN:54,(anonymous_3)
FN:59,(anonymous_4)
FN:64,(anonymous_5)
FN:79,(anonymous_6)
FN:85,(anonymous_7)
FN:89,(anonymous_8)
FN:106,(anonymous_9)
FN:121,(anonymous_10)
FN:130,(anonymous_11)
FN:148,(anonymous_12)
FN:160,(anonymous_13)
FN:172,(anonymous_14)
FN:198,(anonymous_15)
FN:204,(anonymous_16)
FN:210,(anonymous_17)
FNF:18
FNH:6
FNDA:1,(anonymous_0)
FNDA:0,(anonymous_1)
FNDA:0,(anonymous_2)
FNDA:0,(anonymous_3)
FNDA:0,(anonymous_4)
FNDA:0,(anonymous_5)
FNDA:0,(anonymous_6)
FNDA:0,(anonymous_7)
FNDA:0,(anonymous_8)
FNDA:0,(anonymous_9)
FNDA:2,(anonymous_10)
FNDA:2,(anonymous_11)
FNDA:2,(anonymous_12)
FNDA:2,(anonymous_13)
FNDA:2,(anonymous_14)
FNDA:0,(anonymous_15)
FNDA:0,(anonymous_16)
FNDA:0,(anonymous_17)
DA:13,1
DA:14,1
DA:15,1
DA:16,1
DA:23,1
DA:25,1
DA:26,1
DA:29,1
DA:30,1
DA:33,1
DA:34,1
DA:35,1
DA:38,1
DA:39,1
DA:41,1
DA:42,0
DA:43,0
DA:44,0
DA:47,1
DA:48,0
DA:49,0
DA:53,1
DA:55,0
DA:56,0
DA:57,0
DA:61,0
DA:62,0
DA:66,0
DA:67,0
DA:68,0
DA:69,0
DA:70,0
DA:71,0
DA:73,0
DA:74,0
DA:78,1
DA:80,0
DA:81,0
DA:82,0
DA:83,0
DA:86,0
DA:87,0
DA:90,0
DA:92,0
DA:93,0
DA:96,0
DA:97,0
DA:100,0
DA:104,1
DA:107,0
DA:115,1
DA:121,1
DA:122,2
DA:130,1
DA:131,2
DA:145,1
DA:146,1
DA:148,1
DA:149,2
DA:150,2
DA:151,2
DA:152,2
DA:153,2
DA:160,1
DA:161,2
DA:162,2
DA:163,2
DA:164,2
DA:165,2
DA:172,1
DA:173,2
DA:174,2
DA:175,2
DA:176,2
DA:177,2
DA:184,1
DA:198,0
DA:204,0
DA:210,0
DA:236,1
LF:80
LH:46
BRDA:44,0,0,0
BRDA:44,0,1,0
BRDA:49,1,0,0
BRDA:49,1,1,0
BRDA:55,2,0,0
BRDA:55,2,1,0
BRDA:68,3,0,0
BRDA:68,3,1,0
BRDA:69,4,0,0
BRDA:69,4,1,0
BRDA:70,5,0,0
BRDA:70,5,1,0
BRDA:71,6,0,0
BRDA:71,6,1,0
BRDA:80,7,0,0
BRDA:80,7,1,0
BRDA:132,8,0,0
BRDA:132,8,1,2
BRDA:136,9,0,0
BRDA:136,9,1,2
BRF:20
BRH:2
end_of_record
TN:
SF:src\components\Timer.tsx
FN:9,(anonymous_0)
FN:12,(anonymous_1)
FN:20,(anonymous_2)
FN:21,(anonymous_3)
FN:24,(anonymous_4)
FN:28,(anonymous_5)
FN:34,(anonymous_6)
FNF:7
FNH:7
FNDA:6,(anonymous_0)
FNDA:6,(anonymous_1)
FNDA:3,(anonymous_2)
FNDA:3,(anonymous_3)
FNDA:5,(anonymous_4)
FNDA:6,(anonymous_5)
FNDA:6,(anonymous_6)
DA:9,2
DA:10,6
DA:12,6
DA:13,6
DA:14,1
DA:15,1
DA:17,1
DA:20,5
DA:21,3
DA:24,5
DA:28,6
DA:29,6
DA:30,2
DA:31,2
DA:34,6
DA:35,6
DA:36,6
DA:37,6
DA:40,6
DA:47,2
LF:20
LH:20
BRDA:13,0,0,1
BRDA:13,0,1,5
BRDA:14,1,0,1
BRDA:14,1,1,0
BRDA:29,2,0,4
BRDA:29,2,1,2
BRDA:30,3,0,0
BRDA:30,3,1,2
BRF:8
BRH:6
end_of_record
TN:
SF:src\components\animated-icon.tsx
FN:10,AnimatedSplashOverlay
FN:36,(anonymous_1)
FN:83,AnimatedIcon
FNF:3
FNH:0
FNDA:0,AnimatedSplashOverlay
FNDA:0,(anonymous_1)
FNDA:0,AnimatedIcon
DA:7,0
DA:8,0
DA:11,0
DA:13,0
DA:15,0
DA:34,0
DA:38,0
DA:39,0
DA:47,0
DA:57,0
DA:74,0
DA:84,0
DA:98,0
LF:13
LH:0
BRDA:13,0,0,0
BRDA:13,0,1,0
BRDA:38,1,0,0
BRDA:38,1,1,0
BRF:4
BRH:0
end_of_record
TN:
SF:src\components\animated-icon.web.tsx
FN:8,AnimatedSplashOverlay
FN:57,AnimatedIcon
FNF:2
FNH:0
FNDA:0,AnimatedSplashOverlay
FNDA:0,AnimatedIcon
DA:6,0
DA:9,0
DA:12,0
DA:26,0
DA:42,0
DA:58,0
DA:75,0
LF:7
LH:0
BRF:0
BRH:0
end_of_record
TN:
SF:src\components\external-link.tsx
FN:7,ExternalLink
FN:13,(anonymous_1)
FNF:2
FNH:0
FNDA:0,ExternalLink
FNDA:0,(anonymous_1)
DA:8,0
DA:14,0
DA:16,0
DA:18,0
LF:4
LH:0
BRDA:14,0,0,0
BRDA:14,0,1,0
BRF:2
BRH:0
end_of_record
TN:
SF:src\components\hint-row.tsx
FN:14,HintRow
FNF:1
FNH:0
FNDA:0,HintRow
DA:15,0
DA:25,0
LF:2
LH:0
BRDA:14,0,0,0
BRDA:14,1,0,0
BRF:2
BRH:0
end_of_record
TN:
SF:src\components\themed-text.tsx
FN:11,ThemedText
FNF:1
FNH:1
FNDA:27,ThemedText
DA:12,27
DA:14,27
DA:33,1
LF:3
LH:3
BRDA:11,0,0,0
BRDA:17,1,0,27
BRDA:17,1,1,27
BRDA:18,2,0,27
BRDA:18,2,1,15
BRDA:19,3,0,27
BRDA:19,3,1,3
BRDA:20,4,0,27
BRDA:20,4,1,3
BRDA:21,5,0,27
BRDA:21,5,1,0
BRDA:22,6,0,27
BRDA:22,6,1,6
BRDA:23,7,0,27
BRDA:23,7,1,0
BRDA:24,8,0,27
BRDA:24,8,1,0
BRDA:25,9,0,27
BRDA:25,9,1,0
BRDA:70,10,0,1
BRDA:70,10,1,1
BRF:21
BRH:16
end_of_record
TN:
SF:src\components\themed-view.tsx
FN:12,ThemedView
FNF:1
FNH:1
FNDA:9,ThemedView
DA:13,9
DA:15,9
LF:2
LH:2
BRDA:15,0,0,9
BRDA:15,0,1,9
BRF:2
BRH:2
end_of_record
TN:
SF:src\components\web-badge.tsx
FN:10,WebBadge
FNF:1
FNH:0
FNDA:0,WebBadge
DA:11,0
DA:13,0
DA:30,0
LF:3
LH:0
BRDA:20,0,0,0
BRDA:20,0,1,0
BRF:2
BRH:0
end_of_record
TN:
SF:src\components\ui\collapsible.tsx
FN:11,Collapsible
FN:18,(anonymous_1)
FN:19,(anonymous_2)
FN:19,(anonymous_3)
FNF:4
FNH:0
FNDA:0,Collapsible
FNDA:0,(anonymous_1)
FNDA:0,(anonymous_2)
FNDA:0,(anonymous_3)
DA:12,0
DA:13,0
DA:15,0
DA:18,0
DA:19,0
DA:43,0
LF:6
LH:0
BRDA:18,0,0,0
BRDA:18,0,1,0
BRDA:26,1,0,0
BRDA:26,1,1,0
BRDA:32,2,0,0
BRDA:32,2,1,0
BRF:6
BRH:0
end_of_record
TN:
SF:src\hooks\use-color-scheme.ts
FNF:0
FNH:0
LF:0
LH:0
BRF:0
BRH:0
end_of_record
TN:
SF:src\hooks\use-color-scheme.web.ts
FN:7,useColorScheme
FN:10,(anonymous_1)
FNF:2
FNH:0
FNDA:0,useColorScheme
FNDA:0,(anonymous_1)
DA:8,0
DA:10,0
DA:11,0
DA:14,0
DA:16,0
DA:17,0
DA:20,0
LF:7
LH:0
BRDA:16,0,0,0
BRDA:16,0,1,0
BRF:2
BRH:0
end_of_record
TN:
SF:src\hooks\use-theme.ts
FN:9,useTheme
FNF:1
FNH:1
FNDA:36,useTheme
DA:10,36
DA:11,36
DA:13,36
LF:3
LH:3
BRDA:11,0,0,36
BRDA:11,0,1,0
BRDA:11,1,0,36
BRDA:11,1,1,0
BRF:4
BRH:2
end_of_record
TN:
SF:src\screens\LoginScreen.tsx
FN:17,(anonymous_0)
FN:24,(anonymous_1)
FNF:2
FNH:2
FNDA:2,(anonymous_0)
FNDA:1,(anonymous_1)
DA:17,1
DA:18,2
DA:19,2
DA:21,2
DA:22,2
DA:24,2
DA:26,1
DA:27,1
DA:31,2
DA:89,1
LF:10
LH:10
BRDA:18,0,0,2
BRDA:18,0,1,0
BRDA:26,1,0,1
BRDA:26,1,1,0
BRF:4
BRH:2
end_of_record
TN:
SF:src\screens\MapScreen.tsx
FN:42,(anonymous_0)
FN:62,(anonymous_1)
FN:81,(anonymous_2)
FN:92,(anonymous_3)
FN:94,(anonymous_4)
FN:109,(anonymous_5)
FN:118,(anonymous_6)
FN:125,(anonymous_7)
FN:133,(anonymous_8)
FN:135,(anonymous_9)
FN:137,(anonymous_10)
FN:149,(anonymous_11)
FN:158,(anonymous_12)
FN:185,(anonymous_13)
FN:186,(anonymous_14)
FN:186,(anonymous_15)
FN:201,(anonymous_16)
FN:203,(anonymous_17)
FN:203,(anonymous_18)
FN:208,(anonymous_19)
FN:226,(anonymous_20)
FN:238,(anonymous_21)
FN:243,(anonymous_22)
FN:245,(anonymous_23)
FN:245,(anonymous_24)
FN:247,(anonymous_25)
FN:278,(anonymous_26)
FN:294,(anonymous_27)
FN:297,(anonymous_28)
FN:300,(anonymous_29)
FN:303,(anonymous_30)
FN:310,(anonymous_31)
FN:314,(anonymous_32)
FN:325,(anonymous_33)
FN:328,(anonymous_34)
FN:331,(anonymous_35)
FN:340,(anonymous_36)
FN:343,(anonymous_37)
FN:346,(anonymous_38)
FN:349,(anonymous_39)
FNF:40
FNH:6
FNDA:0,(anonymous_0)
FNDA:1,(anonymous_1)
FNDA:0,(anonymous_2)
FNDA:1,(anonymous_3)
FNDA:1,(anonymous_4)
FNDA:0,(anonymous_5)
FNDA:0,(anonymous_6)
FNDA:1,(anonymous_7)
FNDA:1,(anonymous_8)
FNDA:0,(anonymous_9)
FNDA:0,(anonymous_10)
FNDA:0,(anonymous_11)
FNDA:0,(anonymous_12)
FNDA:0,(anonymous_13)
FNDA:0,(anonymous_14)
FNDA:0,(anonymous_15)
FNDA:0,(anonymous_16)
FNDA:0,(anonymous_17)
FNDA:0,(anonymous_18)
FNDA:0,(anonymous_19)
FNDA:16,(anonymous_20)
FNDA:0,(anonymous_21)
FNDA:0,(anonymous_22)
FNDA:0,(anonymous_23)
FNDA:0,(anonymous_24)
FNDA:0,(anonymous_25)
FNDA:0,(anonymous_26)
FNDA:0,(anonymous_27)
FNDA:0,(anonymous_28)
FNDA:0,(anonymous_29)
FNDA:0,(anonymous_30)
FNDA:0,(anonymous_31)
FNDA:0,(anonymous_32)
FNDA:0,(anonymous_33)
FNDA:0,(anonymous_34)
FNDA:0,(anonymous_35)
FNDA:0,(anonymous_36)
FNDA:0,(anonymous_37)
FNDA:0,(anonymous_38)
FNDA:0,(anonymous_39)
DA:13,1
DA:21,1
DA:42,1
DA:43,0
DA:46,0
DA:49,0
DA:50,0
DA:51,0
DA:52,0
DA:53,0
DA:57,0
DA:59,0
DA:62,1
DA:63,1
DA:64,1
DA:66,1
DA:67,1
DA:69,1
DA:70,1
DA:73,1
DA:74,1
DA:75,1
DA:76,1
DA:77,1
DA:78,1
DA:81,1
DA:83,0
DA:84,0
DA:92,1
DA:94,1
DA:96,1
DA:97,1
DA:98,0
DA:99,0
DA:100,0
DA:109,1
DA:110,0
DA:111,0
DA:115,1
DA:118,1
DA:119,0
DA:125,1
DA:126,1
DA:127,1
DA:133,1
DA:134,1
DA:137,0
DA:138,0
DA:149,1
DA:150,0
DA:152,0
DA:154,0
DA:157,0
DA:158,0
DA:171,0
DA:172,0
DA:173,0
DA:174,0
DA:175,0
DA:176,0
DA:181,0
DA:185,1
DA:186,0
DA:187,0
DA:188,0
DA:195,0
DA:197,0
DA:198,0
DA:201,1
DA:203,0
DA:204,0
DA:205,0
DA:208,1
DA:210,0
DA:211,0
DA:214,1
DA:227,16
DA:239,0
DA:244,0
DA:245,0
DA:249,0
DA:250,0
DA:251,0
DA:252,0
DA:253,0
DA:254,0
DA:279,0
DA:294,0
DA:297,0
DA:300,0
DA:303,0
DA:310,0
DA:314,0
DA:325,0
DA:328,0
DA:331,0
DA:340,0
DA:343,0
DA:346,0
DA:349,0
DA:371,1
LF:101
LH:36
BRDA:46,0,0,0
BRDA:46,0,1,0
BRDA:49,1,0,0
BRDA:49,1,1,0
BRDA:50,2,0,0
BRDA:50,2,1,0
BRDA:51,3,0,0
BRDA:51,3,1,0
BRDA:52,4,0,0
BRDA:52,4,1,0
BRDA:53,5,0,0
BRDA:53,5,1,0
BRDA:57,6,0,0
BRDA:57,6,1,0
BRDA:63,7,0,1
BRDA:63,7,1,0
BRDA:97,8,0,0
BRDA:97,8,1,1
BRDA:119,9,0,0
BRDA:119,9,1,0
BRDA:119,10,0,0
BRDA:119,10,1,0
BRDA:134,11,0,0
BRDA:134,11,1,1
BRDA:141,12,0,0
BRDA:141,12,1,0
BRDA:143,13,0,0
BRDA:143,13,1,0
BRDA:143,14,0,0
BRDA:143,14,1,0
BRDA:150,15,0,0
BRDA:150,15,1,0
BRDA:187,16,0,0
BRDA:187,16,1,0
BRDA:233,17,0,16
BRDA:233,17,1,0
BRDA:245,18,0,0
BRDA:245,18,1,0
BRDA:261,19,0,0
BRDA:261,19,1,0
BRDA:293,20,0,1
BRDA:293,20,1,1
BRDA:296,21,0,1
BRDA:296,21,1,0
BRDA:299,22,0,1
BRDA:299,22,1,0
BRDA:302,23,0,1
BRDA:302,23,1,0
BRDA:324,24,0,1
BRDA:324,24,1,1
BRDA:327,25,0,1
BRDA:327,25,1,0
BRDA:330,26,0,1
BRDA:330,26,1,0
BRDA:339,27,0,1
BRDA:339,27,1,1
BRDA:342,28,0,1
BRDA:342,28,1,0
BRDA:345,29,0,1
BRDA:345,29,1,0
BRDA:348,30,0,1
BRDA:348,30,1,0
BRF:62
BRH:18
end_of_record
TN:
SF:src\screens\SettingsScreen.tsx
FN:10,SettingsScreen
FN:18,(anonymous_1)
FNF:2
FNH:2
FNDA:3,SettingsScreen
FNDA:2,(anonymous_1)
DA:11,3
DA:12,3
DA:13,3
DA:14,3
DA:15,3
DA:16,3
DA:18,3
DA:19,2
DA:20,2
DA:28,1
DA:30,1
DA:31,1
DA:35,3
DA:104,1
LF:14
LH:14
BRF:0
BRH:0
end_of_record
TN:
SF:src\screens\StationDemandScreen.tsx
FN:24,(anonymous_0)
FN:34,(anonymous_1)
FN:50,(anonymous_2)
FN:70,(anonymous_3)
FN:119,(anonymous_4)
FN:140,(anonymous_5)
FN:151,(anonymous_6)
FN:159,(anonymous_7)
FN:161,(anonymous_8)
FN:170,(anonymous_9)
FN:176,(anonymous_10)
FN:188,(anonymous_11)
FN:193,(anonymous_12)
FN:230,(anonymous_13)
FNF:14
FNH:13
FNDA:19,(anonymous_0)
FNDA:19,(anonymous_1)
FNDA:19,(anonymous_2)
FNDA:19,(anonymous_3)
FNDA:13,(anonymous_4)
FNDA:29,(anonymous_5)
FNDA:10,(anonymous_6)
FNDA:10,(anonymous_7)
FNDA:10,(anonymous_8)
FNDA:10,(anonymous_9)
FNDA:0,(anonymous_10)
FNDA:19,(anonymous_11)
FNDA:18,(anonymous_12)
FNDA:26,(anonymous_13)
DA:24,1
DA:25,19
DA:26,12
DA:27,6
DA:28,6
DA:34,1
DA:35,19
DA:37,7
DA:39,6
DA:41,6
DA:43,0
DA:50,1
DA:51,19
DA:53,7
DA:55,6
DA:57,6
DA:59,0
DA:70,1
DA:71,19
DA:72,19
DA:74,19
DA:119,1
DA:120,13
DA:140,1
DA:141,29
DA:142,29
DA:146,29
DA:151,29
DA:153,10
DA:159,29
DA:160,10
DA:161,10
DA:162,10
DA:163,10
DA:165,0
DA:169,10
DA:170,10
DA:176,29
DA:177,0
DA:178,0
DA:179,0
DA:181,0
DA:188,29
DA:189,19
DA:193,29
DA:195,29
DA:230,26
DA:248,1
LF:48
LH:41
BRDA:25,0,0,7
BRDA:25,0,1,12
BRDA:26,1,0,6
BRDA:26,1,1,6
BRDA:27,2,0,0
BRDA:27,2,1,6
BRDA:35,3,0,7
BRDA:35,3,1,6
BRDA:35,3,2,6
BRDA:35,3,3,0
BRDA:51,4,0,7
BRDA:51,4,1,6
BRDA:51,4,2,6
BRDA:51,4,3,0
BRDA:123,5,0,0
BRDA:123,5,1,13
BRDA:129,6,0,0
BRDA:129,6,1,13
BRDA:199,7,0,29
BRDA:199,7,1,0
BRDA:206,8,0,29
BRDA:206,8,1,1
BRDA:213,9,0,10
BRDA:213,9,1,19
BRDA:213,10,0,29
BRDA:213,10,1,10
BRDA:218,11,0,12
BRDA:218,11,1,7
BRF:28
BRH:22
end_of_record
TN:
SF:src\services\DemandAPIClient.ts
FN:54,(anonymous_0)
FN:84,(anonymous_1)
FN:91,(anonymous_2)
FN:99,(anonymous_3)
FN:105,validateRiskLevel
FN:112,validateTrend
FN:122,(anonymous_6)
FN:187,(anonymous_7)
FN:200,(anonymous_8)
FN:202,(anonymous_9)
FN:203,(anonymous_10)
FN:205,(anonymous_11)
FN:215,(anonymous_12)
FN:243,(anonymous_13)
FN:247,(anonymous_14)
FN:248,(anonymous_15)
FN:250,(anonymous_16)
FN:257,(anonymous_17)
FN:259,(anonymous_18)
FN:287,(anonymous_19)
FN:294,(anonymous_20)
FN:295,(anonymous_21)
FN:301,(anonymous_22)
FN:328,(anonymous_23)
FN:331,(anonymous_24)
FN:342,(anonymous_25)
FN:348,(anonymous_26)
FN:393,(anonymous_27)
FN:411,(anonymous_28)
FN:419,(anonymous_29)
FN:441,(anonymous_30)
FN:448,(anonymous_31)
FNF:32
FNH:9
FNDA:48,(anonymous_0)
FNDA:0,(anonymous_1)
FNDA:0,(anonymous_2)
FNDA:0,(anonymous_3)
FNDA:0,validateRiskLevel
FNDA:1,validateTrend
FNDA:1,(anonymous_6)
FNDA:6,(anonymous_7)
FNDA:3,(anonymous_8)
FNDA:0,(anonymous_9)
FNDA:0,(anonymous_10)
FNDA:0,(anonymous_11)
FNDA:3,(anonymous_12)
FNDA:0,(anonymous_13)
FNDA:0,(anonymous_14)
FNDA:0,(anonymous_15)
FNDA:0,(anonymous_16)
FNDA:0,(anonymous_17)
FNDA:0,(anonymous_18)
FNDA:0,(anonymous_19)
FNDA:0,(anonymous_20)
FNDA:0,(anonymous_21)
FNDA:0,(anonymous_22)
FNDA:3,(anonymous_23)
FNDA:0,(anonymous_24)
FNDA:3,(anonymous_25)
FNDA:3,(anonymous_26)
FNDA:0,(anonymous_27)
FNDA:0,(anonymous_28)
FNDA:0,(anonymous_29)
FNDA:0,(anonymous_30)
FNDA:0,(anonymous_31)
DA:21,3
DA:32,3
DA:34,3
DA:53,3
DA:54,48
DA:58,3
DA:84,3
DA:85,0
DA:91,3
DA:95,0
DA:99,0
DA:102,3
DA:103,3
DA:106,0
DA:107,0
DA:109,0
DA:113,1
DA:114,1
DA:116,0
DA:122,3
DA:123,1
DA:124,1
DA:125,0
DA:127,1
DA:131,1
DA:132,1
DA:133,1
DA:137,1
DA:138,1
DA:139,1
DA:140,1
DA:142,1
DA:148,1
DA:149,0
DA:156,0
DA:157,0
DA:163,0
DA:166,1
DA:185,6
DA:188,6
DA:201,3
DA:202,0
DA:203,0
DA:204,0
DA:205,0
DA:206,0
DA:207,0
DA:209,0
DA:215,3
DA:216,3
DA:217,3
DA:218,3
DA:220,2
DA:221,0
DA:228,2
DA:229,2
DA:231,1
DA:233,1
DA:246,0
DA:247,0
DA:248,0
DA:249,0
DA:250,0
DA:252,0
DA:257,0
DA:258,0
DA:259,0
DA:261,0
DA:262,0
DA:264,0
DA:265,0
DA:272,0
DA:273,0
DA:275,0
DA:277,0
DA:293,0
DA:294,0
DA:295,0
DA:296,0
DA:301,0
DA:302,0
DA:303,0
DA:304,0
DA:305,0
DA:306,0
DA:308,0
DA:309,0
DA:311,0
DA:312,0
DA:316,0
DA:317,0
DA:319,0
DA:321,0
DA:329,3
DA:330,3
DA:331,0
DA:335,3
DA:342,3
DA:351,3
DA:353,3
DA:354,3
DA:355,3
DA:357,2
DA:358,1
DA:364,1
DA:365,1
DA:367,0
DA:368,0
DA:376,2
DA:380,2
DA:383,0
DA:387,0
DA:397,0
DA:419,0
DA:420,0
DA:421,0
DA:426,0
DA:427,0
DA:430,0
DA:431,0
DA:433,0
DA:442,0
DA:449,0
DA:457,3
LF:124
LH:53
BRDA:22,0,0,3
BRDA:22,0,1,0
BRDA:85,1,0,0
BRDA:85,1,1,0
BRDA:85,1,2,0
BRDA:85,1,3,0
BRDA:106,2,0,0
BRDA:106,2,1,0
BRDA:113,3,0,1
BRDA:113,3,1,0
BRDA:124,4,0,0
BRDA:124,4,1,1
BRDA:127,5,0,1
BRDA:127,5,1,0
BRDA:127,5,2,0
BRDA:132,6,0,1
BRDA:132,6,1,0
BRDA:138,7,0,1
BRDA:138,7,1,1
BRDA:139,8,0,1
BRDA:139,8,1,0
BRDA:140,9,0,1
BRDA:140,9,1,0
BRDA:142,10,0,1
BRDA:142,10,1,0
BRDA:143,11,0,1
BRDA:143,11,1,1
BRDA:143,11,2,0
BRDA:143,11,3,0
BRDA:149,12,0,0
BRDA:149,12,1,0
BRDA:150,13,0,0
BRDA:150,13,1,0
BRDA:150,13,2,0
BRDA:150,13,3,0
BRDA:150,13,4,0
BRDA:157,14,0,0
BRDA:157,14,1,0
BRDA:158,15,0,0
BRDA:158,15,1,0
BRDA:158,15,2,0
BRDA:158,15,3,0
BRDA:169,16,0,1
BRDA:169,16,1,0
BRDA:173,17,0,1
BRDA:173,17,1,0
BRDA:174,18,0,1
BRDA:174,18,1,0
BRDA:201,19,0,0
BRDA:201,19,1,3
BRDA:205,20,0,0
BRDA:205,20,1,0
BRDA:206,21,0,0
BRDA:206,21,1,0
BRDA:216,22,0,3
BRDA:216,22,1,0
BRDA:220,23,0,0
BRDA:220,23,1,2
BRDA:246,24,0,0
BRDA:246,24,1,0
BRDA:249,25,0,0
BRDA:249,25,1,0
BRDA:264,26,0,0
BRDA:264,26,1,0
BRDA:293,27,0,0
BRDA:293,27,1,0
BRDA:311,28,0,0
BRDA:311,28,1,0
BRDA:357,29,0,1
BRDA:357,29,1,1
BRDA:357,30,0,2
BRDA:357,30,1,2
BRDA:364,31,0,1
BRDA:364,31,1,0
BRDA:367,32,0,0
BRDA:367,32,1,0
BRDA:369,33,0,0
BRDA:369,33,1,0
BRDA:370,34,0,0
BRDA:370,34,1,0
BRDA:376,35,0,2
BRDA:376,35,1,0
BRDA:377,36,0,2
BRDA:377,36,1,1
BRDA:387,37,0,0
BRDA:387,37,1,0
BRDA:426,38,0,0
BRDA:426,38,1,0
BRF:88
BRH:26
end_of_record
TN:
SF:src\services\LocationService.ts
FN:17,(anonymous_0)
FN:35,(anonymous_1)
FN:59,(anonymous_2)
FN:80,(anonymous_3)
FN:100,(anonymous_4)
FN:112,(anonymous_5)
FNF:6
FNH:6
FNDA:9,(anonymous_0)
FNDA:3,(anonymous_1)
FNDA:5,(anonymous_2)
FNDA:1,(anonymous_3)
FNDA:9,(anonymous_4)
FNDA:3,(anonymous_5)
DA:9,2
DA:10,2
DA:11,2
DA:18,9
DA:19,9
DA:20,7
DA:21,2
DA:22,2
DA:24,5
DA:26,2
DA:27,2
DA:36,3
DA:37,3
DA:38,3
DA:40,1
DA:44,1
DA:49,0
DA:50,0
DA:63,5
DA:64,5
DA:65,1
DA:66,1
DA:69,4
DA:70,4
DA:72,3
DA:74,3
DA:81,1
DA:88,3
DA:89,3
DA:91,0
DA:92,0
DA:93,0
DA:101,9
DA:102,3
DA:103,3
DA:105,9
DA:106,9
DA:113,3
DA:118,2
LF:39
LH:34
BRDA:20,0,0,2
BRDA:20,0,1,5
BRDA:38,1,0,2
BRDA:38,1,1,1
BRDA:61,2,0,4
BRDA:64,3,0,1
BRDA:64,3,1,4
BRDA:70,4,0,1
BRDA:70,4,1,3
BRDA:101,5,0,3
BRDA:101,5,1,6
BRF:11
BRH:11
end_of_record
TN:
SF:src\services\NotificationEngine.ts
FN:6,(anonymous_0)
FN:18,calculateDistanceKm
FN:39,(anonymous_2)
FN:54,(anonymous_3)
FN:75,(anonymous_4)
FN:101,(anonymous_5)
FN:111,(anonymous_6)
FNF:7
FNH:5
FNDA:0,(anonymous_0)
FNDA:1,calculateDistanceKm
FNDA:3,(anonymous_2)
FNDA:2,(anonymous_3)
FNDA:1,(anonymous_4)
FNDA:0,(anonymous_5)
FNDA:1,(anonymous_6)
DA:5,1
DA:6,0
DA:19,1
DA:20,1
DA:21,1
DA:23,1
DA:28,1
DA:29,1
DA:33,4
DA:34,4
DA:40,3
DA:41,3
DA:43,3
DA:44,2
DA:45,2
DA:48,3
DA:60,2
DA:62,2
DA:63,2
DA:64,1
DA:65,1
DA:68,1
DA:70,1
DA:72,1
DA:73,1
DA:75,1
DA:76,1
DA:78,1
DA:86,1
DA:88,1
DA:89,0
DA:93,1
DA:98,1
DA:101,1
DA:102,0
DA:112,1
DA:123,1
LF:37
LH:34
BRDA:43,0,0,2
BRDA:43,0,1,1
BRDA:60,1,0,0
BRDA:60,1,1,2
BRDA:63,2,0,1
BRDA:63,2,1,1
BRDA:72,3,0,0
BRDA:72,3,1,1
BRDA:73,4,0,0
BRDA:73,4,1,1
BRDA:76,5,0,0
BRDA:76,5,1,1
BRDA:86,6,0,1
BRDA:86,6,1,0
BRDA:88,7,0,0
BRDA:88,7,1,1
BRF:16
BRH:10
end_of_record
TN:
SF:src\state\demandStore.tsx
FN:52,(anonymous_0)
FN:72,(anonymous_1)
FN:133,(anonymous_2)
FN:142,(anonymous_3)
FN:174,(anonymous_4)
FN:199,(anonymous_5)
FN:226,(anonymous_6)
FN:233,(anonymous_7)
FN:257,(anonymous_8)
FNF:9
FNH:6
FNDA:32,(anonymous_0)
FNDA:19,(anonymous_1)
FNDA:29,(anonymous_2)
FNDA:0,(anonymous_3)
FNDA:10,(anonymous_4)
FNDA:0,(anonymous_5)
FNDA:0,(anonymous_6)
FNDA:10,(anonymous_7)
FNDA:30,(anonymous_8)
DA:41,3
DA:52,3
DA:56,32
DA:58,11
DA:64,2
DA:71,8
DA:72,8
DA:73,19
DA:75,8
DA:84,1
DA:85,1
DA:86,1
DA:93,10
DA:99,0
DA:102,0
DA:126,3
DA:133,3
DA:136,29
DA:141,29
DA:144,0
DA:145,0
DA:149,0
DA:152,0
DA:154,0
DA:155,0
DA:156,0
DA:157,0
DA:159,0
DA:160,0
DA:164,0
DA:173,29
DA:175,10
DA:177,10
DA:178,10
DA:181,8
DA:182,8
DA:184,1
DA:185,1
DA:189,1
DA:198,29
DA:205,0
DA:207,0
DA:208,0
DA:209,0
DA:210,0
DA:212,0
DA:213,0
DA:217,0
DA:226,29
DA:227,0
DA:233,29
DA:234,10
DA:237,29
DA:246,29
DA:257,3
DA:258,30
DA:259,30
DA:260,0
DA:262,30
LF:59
LH:36
BRDA:56,0,0,11
BRDA:56,0,1,2
BRDA:56,0,2,8
BRDA:56,0,3,1
BRDA:56,0,4,10
BRDA:56,0,5,0
BRDA:56,0,6,0
BRDA:145,1,0,0
BRDA:145,1,1,0
BRDA:146,2,0,0
BRDA:146,2,1,0
BRDA:259,3,0,0
BRDA:259,3,1,30
BRF:13
BRH:6
end_of_record
